# JRE version: OpenJDK Runtime Environment (8.0_121-b13) (build 1.8.0_121-8u121-b13-3-b13)
# Java VM: OpenJDK 64-Bit Server VM (25.121-b13 mixed mode linux-amd64 compressed oops)
Heap:
 PSYoungGen      total 131072K, used 11887K [0x00000000d7000000, 0x00000000e7000000, 0x0000000100000000)
  eden space 123904K, 6% used [0x00000000d7000000,0x00000000d77d4db0,0x00000000de900000)
  from space 7168K, 53% used [0x00000000de900000,0x00000000decc6e50,0x00000000df000000)
  to   space 7168K, 0% used [0x00000000e6900000,0x00000000e6900000,0x00000000e7000000)
 ParOldGen       total 84992K, used 7353K [0x0000000085000000, 0x000000008a300000, 0x00000000d7000000)
  object space 84992K, 8% used [0x0000000085000000,0x000000008572e588,0x000000008a300000)
 Metaspace       used 11683K, capacity 11966K, committed 12160K, reserved 1060864K
  class space    used 1290K, capacity 1364K, committed 1408K, reserved 1048576K
GC Heap History (10 events):
Event: 1.116 GC heap before
{Heap before GC invocations=3 (full 0):
 PSYoungGen      total 36864K, used 33232K [0x00000000d7000000, 0x00000000db800000, 0x0000000100000000)
  eden space 31744K, 100% used [0x00000000d7000000,0x00000000d8f00000,0x00000000d8f00000)
  from space 5120K, 29% used [0x00000000d9400000,0x00000000d9574010,0x00000000d9900000)
  to   space 5120K, 0% used [0x00000000d8f00000,0x00000000d8f00000,0x00000000d9400000)
 ParOldGen       total 84992K, used 8K [0x0000000085000000, 0x000000008a300000, 0x00000000d7000000)
  object space 84992K, 0% used [0x0000000085000000,0x0000000085002000,0x000000008a300000)
 Metaspace       used 10361K, capacity 10616K, committed 10752K, reserved 1058816K
  class space    used 1152K, capacity 1235K, committed 1280K, reserved 1048576K
Event: 1.119 GC heap after
Heap after GC invocations=3 (full 0):
 PSYoungGen      total 36864K, used 1504K [0x00000000d7000000, 0x00000000db800000, 0x0000000100000000)
  eden space 31744K, 0% used [0x00000000d7000000,0x00000000d7000000,0x00000000d8f00000)
  from space 5120K, 29% used [0x00000000d8f00000,0x00000000d9078020,0x00000000d9400000)
  to   space 5120K, 0% used [0x00000000db300000,0x00000000db300000,0x00000000db800000)
 ParOldGen       total 84992K, used 8K [0x0000000085000000, 0x000000008a300000, 0x00000000d7000000)
  object space 84992K, 0% used [0x0000000085000000,0x0000000085002000,0x000000008a300000)
 Metaspace       used 10361K, capacity 10616K, committed 10752K, reserved 1058816K
  class space    used 1152K, capacity 1235K, committed 1280K, reserved 1048576K
}
Event: 1.190 GC heap before
{Heap before GC invocations=4 (full 0):
 PSYoungGen      total 36864K, used 33248K [0x00000000d7000000, 0x00000000db800000, 0x0000000100000000)
  eden space 31744K, 100% used [0x00000000d7000000,0x00000000d8f00000,0x00000000d8f00000)
  from space 5120K, 29% used [0x00000000d8f00000,0x00000000d9078020,0x00000000d9400000)
  to   space 5120K, 0% used [0x00000000db300000,0x00000000db300000,0x00000000db800000)
 ParOldGen       total 84992K, used 8K [0x0000000085000000, 0x000000008a300000, 0x00000000d7000000)
  object space 84992K, 0% used [0x0000000085000000,0x0000000085002000,0x000000008a300000)
 Metaspace       used 10370K, capacity 10680K, committed 10752K, reserved 1058816K
  class space    used 1152K, capacity 1235K, committed 1280K, reserved 1048576K
Event: 1.194 GC heap after
Heap after GC invocations=4 (full 0):
 PSYoungGen      total 68608K, used 1488K [0x00000000d7000000, 0x00000000db800000, 0x0000000100000000)
  eden space 63488K, 0% used [0x00000000d7000000,0x00000000d7000000,0x00000000dae00000)
  from space 5120K, 29% used [0x00000000db300000,0x00000000db474010,0x00000000db800000)
  to   space 5120K, 0% used [0x00000000dae00000,0x00000000dae00000,0x00000000db300000)
 ParOldGen       total 84992K, used 16K [0x0000000085000000, 0x000000008a300000, 0x00000000d7000000)
  object space 84992K, 0% used [0x0000000085000000,0x0000000085004000,0x000000008a300000)
 Metaspace       used 10370K, capacity 10680K, committed 10752K, reserved 1058816K
  class space    used 1152K, capacity 1235K, committed 1280K, reserved 1048576K
}
Event: 1.704 GC heap before
{Heap before GC invocations=5 (full 0):
 PSYoungGen      total 68608K, used 64790K [0x00000000d7000000, 0x00000000db800000, 0x0000000100000000)
  eden space 63488K, 99% used [0x00000000d7000000,0x00000000dadd1ad0,0x00000000dae00000)
  from space 5120K, 29% used [0x00000000db300000,0x00000000db474010,0x00000000db800000)
  to   space 5120K, 0% used [0x00000000dae00000,0x00000000dae00000,0x00000000db300000)
 ParOldGen       total 84992K, used 16K [0x0000000085000000, 0x000000008a300000, 0x00000000d7000000)
  object space 84992K, 0% used [0x0000000085000000,0x0000000085004000,0x000000008a300000)
 Metaspace       used 11595K, capacity 11902K, committed 12160K, reserved 1060864K
  class space    used 1288K, capacity 1364K, committed 1408K, reserved 1048576K
Event: 1.710 GC heap after
Heap after GC invocations=5 (full 0):
 PSYoungGen      total 68608K, used 5064K [0x00000000d7000000, 0x00000000df400000, 0x0000000100000000)
  eden space 63488K, 0% used [0x00000000d7000000,0x00000000d7000000,0x00000000dae00000)
  from space 5120K, 98% used [0x00000000dae00000,0x00000000db2f2118,0x00000000db300000)
  to   space 4096K, 0% used [0x00000000df000000,0x00000000df000000,0x00000000df400000)
 ParOldGen       total 84992K, used 2724K [0x0000000085000000, 0x000000008a300000, 0x00000000d7000000)
  object space 84992K, 3% used [0x0000000085000000,0x00000000852a9010,0x000000008a300000)
 Metaspace       used 11595K, capacity 11902K, committed 12160K, reserved 1060864K
  class space    used 1288K, capacity 1364K, committed 1408K, reserved 1048576K
}
Event: 2.257 GC heap before
{Heap before GC invocations=6 (full 0):
 PSYoungGen      total 68608K, used 67795K [0x00000000d7000000, 0x00000000df400000, 0x0000000100000000)
  eden space 63488K, 98% used [0x00000000d7000000,0x00000000dad42dc0,0x00000000dae00000)
  from space 5120K, 98% used [0x00000000dae00000,0x00000000db2f2118,0x00000000db300000)
  to   space 4096K, 0% used [0x00000000df000000,0x00000000df000000,0x00000000df400000)
 ParOldGen       total 84992K, used 2724K [0x0000000085000000, 0x000000008a300000, 0x00000000d7000000)
  object space 84992K, 3% used [0x0000000085000000,0x00000000852a9010,0x000000008a300000)
 Metaspace       used 11620K, capacity 11902K, committed 12160K, reserved 1060864K
  class space    used 1288K, capacity 1364K, committed 1408K, reserved 1048576K
Event: 2.265 GC heap after
Heap after GC invocations=6 (full 0):
 PSYoungGen      total 128000K, used 4095K [0x00000000d7000000, 0x00000000dfa00000, 0x0000000100000000)
  eden space 123904K, 0% used [0x00000000d7000000,0x00000000d7000000,0x00000000de900000)
  from space 4096K, 99% used [0x00000000df000000,0x00000000df3ffdb0,0x00000000df400000)
  to   space 7168K, 0% used [0x00000000de900000,0x00000000de900000,0x00000000df000000)
 ParOldGen       total 84992K, used 6350K [0x0000000085000000, 0x000000008a300000, 0x00000000d7000000)
  object space 84992K, 7% used [0x0000000085000000,0x0000000085633870,0x000000008a300000)
 Metaspace       used 11620K, capacity 11902K, committed 12160K, reserved 1060864K
  class space    used 1288K, capacity 1364K, committed 1408K, reserved 1048576K
}
Event: 3.468 GC heap before
{Heap before GC invocations=7 (full 0):
 PSYoungGen      total 128000K, used 126146K [0x00000000d7000000, 0x00000000dfa00000, 0x0000000100000000)
  eden space 123904K, 98% used [0x00000000d7000000,0x00000000de730e48,0x00000000de900000)
  from space 4096K, 99% used [0x00000000df000000,0x00000000df3ffdb0,0x00000000df400000)
  to   space 7168K, 0% used [0x00000000de900000,0x00000000de900000,0x00000000df000000)
 ParOldGen       total 84992K, used 6350K [0x0000000085000000, 0x000000008a300000, 0x00000000d7000000)
  object space 84992K, 7% used [0x0000000085000000,0x0000000085633870,0x000000008a300000)
 Metaspace       used 11666K, capacity 11966K, committed 12160K, reserved 1060864K
  class space    used 1288K, capacity 1364K, committed 1408K, reserved 1048576K
Event: 3.473 GC heap after
Heap after GC invocations=7 (full 0):
 PSYoungGen      total 131072K, used 3867K [0x00000000d7000000, 0x00000000e7000000, 0x0000000100000000)
  eden space 123904K, 0% used [0x00000000d7000000,0x00000000d7000000,0x00000000de900000)
  from space 7168K, 53% used [0x00000000de900000,0x00000000decc6e50,0x00000000df000000)
  to   space 7168K, 0% used [0x00000000e6900000,0x00000000e6900000,0x00000000e7000000)
 ParOldGen       total 84992K, used 7353K [0x0000000085000000, 0x000000008a300000, 0x00000000d7000000)
  object space 84992K, 8% used [0x0000000085000000,0x000000008572e588,0x000000008a300000)
 Metaspace       used 11666K, capacity 11966K, committed 12160K, reserved 1060864K
  class space    used 1288K, capacity 1364K, committed 1408K, reserved 1048576K
}

