# JRE version: OpenJDK Runtime Environment (8.0_121-b13) (build 1.8.0_121-8u121-b13-3-b13)
# Java VM: OpenJDK 64-Bit Server VM (25.121-b13 mixed mode linux-amd64 compressed oops)
Heap:
 PSYoungGen      total 72704K, used 45880K [0x00000000d7000000, 0x00000000e5580000, 0x0000000100000000)
  eden space 69632K, 61% used [0x00000000d7000000,0x00000000d99e2a18,0x00000000db400000)
  from space 3072K, 97% used [0x00000000e5280000,0x00000000e556b900,0x00000000e5580000)
  to   space 4096K, 0% used [0x00000000e4d80000,0x00000000e4d80000,0x00000000e5180000)
 ParOldGen       total 51200K, used 20752K [0x0000000085000000, 0x0000000088200000, 0x00000000d7000000)
  object space 51200K, 40% used [0x0000000085000000,0x0000000086444060,0x0000000088200000)
 Metaspace       used 12145K, capacity 12354K, committed 12416K, reserved 1060864K
  class space    used 1298K, capacity 1364K, committed 1408K, reserved 1048576K
GC Heap History (10 events):
Event: 36.610 GC heap before
{Heap before GC invocations=22 (full 1):
 PSYoungGen      total 82432K, used 81190K [0x00000000d7000000, 0x00000000e5b80000, 0x0000000100000000)
  eden space 79360K, 98% used [0x00000000d7000000,0x00000000dbc65af8,0x00000000dbd80000)
  from space 3072K, 96% used [0x00000000e5880000,0x00000000e5b63f28,0x00000000e5b80000)
  to   space 4608K, 0% used [0x00000000e5280000,0x00000000e5280000,0x00000000e5700000)
 ParOldGen       total 58368K, used 31830K [0x0000000085000000, 0x0000000088900000, 0x00000000d7000000)
  object space 58368K, 54% used [0x0000000085000000,0x0000000086f15ba8,0x0000000088900000)
 Metaspace       used 12093K, capacity 12354K, committed 12416K, reserved 1060864K
  class space    used 1293K, capacity 1364K, committed 1408K, reserved 1048576K
Event: 36.613 GC heap after
Heap after GC invocations=22 (full 1):
 PSYoungGen      total 79872K, used 3005K [0x00000000d7000000, 0x00000000e5900000, 0x0000000100000000)
  eden space 76800K, 0% used [0x00000000d7000000,0x00000000d7000000,0x00000000dbb00000)
  from space 3072K, 97% used [0x00000000e5280000,0x00000000e556f798,0x00000000e5580000)
  to   space 3584K, 0% used [0x00000000e5580000,0x00000000e5580000,0x00000000e5900000)
 ParOldGen       total 58368K, used 37254K [0x0000000085000000, 0x0000000088900000, 0x00000000d7000000)
  object space 58368K, 63% used [0x0000000085000000,0x0000000087461bc8,0x0000000088900000)
 Metaspace       used 12093K, capacity 12354K, committed 12416K, reserved 1060864K
  class space    used 1293K, capacity 1364K, committed 1408K, reserved 1048576K
}
Event: 38.168 GC heap before
{Heap before GC invocations=23 (full 1):
 PSYoungGen      total 79872K, used 79805K [0x00000000d7000000, 0x00000000e5900000, 0x0000000100000000)
  eden space 76800K, 100% used [0x00000000d7000000,0x00000000dbb00000,0x00000000dbb00000)
  from space 3072K, 97% used [0x00000000e5280000,0x00000000e556f798,0x00000000e5580000)
  to   space 3584K, 0% used [0x00000000e5580000,0x00000000e5580000,0x00000000e5900000)
 ParOldGen       total 58368K, used 37254K [0x0000000085000000, 0x0000000088900000, 0x00000000d7000000)
  object space 58368K, 63% used [0x0000000085000000,0x0000000087461bc8,0x0000000088900000)
 Metaspace       used 12093K, capacity 12354K, committed 12416K, reserved 1060864K
  class space    used 1293K, capacity 1364K, committed 1408K, reserved 1048576K
Event: 38.170 GC heap after
Heap after GC invocations=23 (full 1):
 PSYoungGen      total 77312K, used 2962K [0x00000000d7000000, 0x00000000e5880000, 0x0000000100000000)
  eden space 74240K, 0% used [0x00000000d7000000,0x00000000d7000000,0x00000000db880000)
  from space 3072K, 96% used [0x00000000e5580000,0x00000000e5864bd0,0x00000000e5880000)
  to   space 4608K, 0% used [0x00000000e4f80000,0x00000000e4f80000,0x00000000e5400000)
 ParOldGen       total 58368K, used 45370K [0x0000000085000000, 0x0000000088900000, 0x00000000d7000000)
  object space 58368K, 77% used [0x0000000085000000,0x0000000087c4ebf8,0x0000000088900000)
 Metaspace       used 12093K, capacity 12354K, committed 12416K, reserved 1060864K
  class space    used 1293K, capacity 1364K, committed 1408K, reserved 1048576K
}
Event: 39.847 GC heap before
{Heap before GC invocations=24 (full 1):
 PSYoungGen      total 77312K, used 77202K [0x00000000d7000000, 0x00000000e5880000, 0x0000000100000000)
  eden space 74240K, 100% used [0x00000000d7000000,0x00000000db880000,0x00000000db880000)
  from space 3072K, 96% used [0x00000000e5580000,0x00000000e5864bd0,0x00000000e5880000)
  to   space 4608K, 0% used [0x00000000e4f80000,0x00000000e4f80000,0x00000000e5400000)
 ParOldGen       total 58368K, used 45370K [0x0000000085000000, 0x0000000088900000, 0x00000000d7000000)
  object space 58368K, 77% used [0x0000000085000000,0x0000000087c4ebf8,0x0000000088900000)
 Metaspace       used 12093K, capacity 12354K, committed 12416K, reserved 1060864K
  class space    used 1293K, capacity 1364K, committed 1408K, reserved 1048576K
Event: 39.850 GC heap after
Heap after GC invocations=24 (full 1):
 PSYoungGen      total 74752K, used 2958K [0x00000000d7000000, 0x00000000e5600000, 0x0000000100000000)
  eden space 71680K, 0% used [0x00000000d7000000,0x00000000d7000000,0x00000000db600000)
  from space 3072K, 96% used [0x00000000e4f80000,0x00000000e5263a18,0x00000000e5280000)
  to   space 3584K, 0% used [0x00000000e5280000,0x00000000e5280000,0x00000000e5600000)
 ParOldGen       total 58368K, used 50795K [0x0000000085000000, 0x0000000088900000, 0x00000000d7000000)
  object space 58368K, 87% used [0x0000000085000000,0x000000008819ac18,0x0000000088900000)
 Metaspace       used 12093K, capacity 12354K, committed 12416K, reserved 1060864K
  class space    used 1293K, capacity 1364K, committed 1408K, reserved 1048576K
}
Event: 39.850 GC heap before
{Heap before GC invocations=25 (full 2):
 PSYoungGen      total 74752K, used 2958K [0x00000000d7000000, 0x00000000e5600000, 0x0000000100000000)
  eden space 71680K, 0% used [0x00000000d7000000,0x00000000d7000000,0x00000000db600000)
  from space 3072K, 96% used [0x00000000e4f80000,0x00000000e5263a18,0x00000000e5280000)
  to   space 3584K, 0% used [0x00000000e5280000,0x00000000e5280000,0x00000000e5600000)
 ParOldGen       total 58368K, used 50795K [0x0000000085000000, 0x0000000088900000, 0x00000000d7000000)
  object space 58368K, 87% used [0x0000000085000000,0x000000008819ac18,0x0000000088900000)
 Metaspace       used 12093K, capacity 12354K, committed 12416K, reserved 1060864K
  class space    used 1293K, capacity 1364K, committed 1408K, reserved 1048576K
Event: 39.864 GC heap after
Heap after GC invocations=25 (full 2):
 PSYoungGen      total 74752K, used 0K [0x00000000d7000000, 0x00000000e5600000, 0x0000000100000000)
  eden space 71680K, 0% used [0x00000000d7000000,0x00000000d7000000,0x00000000db600000)
  from space 3072K, 0% used [0x00000000e4f80000,0x00000000e4f80000,0x00000000e5280000)
  to   space 3584K, 0% used [0x00000000e5280000,0x00000000e5280000,0x00000000e5600000)
 ParOldGen       total 51200K, used 7244K [0x0000000085000000, 0x0000000088200000, 0x00000000d7000000)
  object space 51200K, 14% used [0x0000000085000000,0x0000000085713010,0x0000000088200000)
 Metaspace       used 12093K, capacity 12354K, committed 12416K, reserved 1060864K
  class space    used 1293K, capacity 1364K, committed 1408K, reserved 1048576K
}
Event: 41.306 GC heap before
{Heap before GC invocations=26 (full 2):
 PSYoungGen      total 74752K, used 71680K [0x00000000d7000000, 0x00000000e5600000, 0x0000000100000000)
  eden space 71680K, 100% used [0x00000000d7000000,0x00000000db600000,0x00000000db600000)
  from space 3072K, 0% used [0x00000000e4f80000,0x00000000e4f80000,0x00000000e5280000)
  to   space 3584K, 0% used [0x00000000e5280000,0x00000000e5280000,0x00000000e5600000)
 ParOldGen       total 51200K, used 7244K [0x0000000085000000, 0x0000000088200000, 0x00000000d7000000)
  object space 51200K, 14% used [0x0000000085000000,0x0000000085713010,0x0000000088200000)
 Metaspace       used 12108K, capacity 12354K, committed 12416K, reserved 1060864K
  class space    used 1293K, capacity 1364K, committed 1408K, reserved 1048576K
Event: 41.309 GC heap after
Heap after GC invocations=26 (full 2):
 PSYoungGen      total 72704K, used 2990K [0x00000000d7000000, 0x00000000e5580000, 0x0000000100000000)
  eden space 69632K, 0% used [0x00000000d7000000,0x00000000d7000000,0x00000000db400000)
  from space 3072K, 97% used [0x00000000e5280000,0x00000000e556b900,0x00000000e5580000)
  to   space 4096K, 0% used [0x00000000e4d80000,0x00000000e4d80000,0x00000000e5180000)
 ParOldGen       total 51200K, used 20752K [0x0000000085000000, 0x0000000088200000, 0x00000000d7000000)
  object space 51200K, 40% used [0x0000000085000000,0x0000000086444060,0x0000000088200000)
 Metaspace       used 12108K, capacity 12354K, committed 12416K, reserved 1060864K
  class space    used 1293K, capacity 1364K, committed 1408K, reserved 1048576K
}

