# JRE version: OpenJDK Runtime Environment (8.0_121-b13) (build 1.8.0_121-8u121-b13-3-b13)
# Java VM: OpenJDK 64-Bit Server VM (25.121-b13 mixed mode linux-amd64 compressed oops)
Heap:
 PSYoungGen      total 256512K, used 251412K [0x00000000d7000000, 0x00000000e7000000, 0x0000000100000000)
  eden space 250880K, 98% used [0x00000000d7000000,0x00000000e61f8b78,0x00000000e6500000)
  from space 5632K, 64% used [0x00000000e6a80000,0x00000000e6e0c850,0x00000000e7000000)
  to   space 5632K, 0% used [0x00000000e6500000,0x00000000e6500000,0x00000000e6a80000)
 ParOldGen       total 84992K, used 20701K [0x0000000085000000, 0x000000008a300000, 0x00000000d7000000)
  object space 84992K, 24% used [0x0000000085000000,0x0000000086437748,0x000000008a300000)
 Metaspace       used 11800K, capacity 12034K, committed 12160K, reserved 1060864K
  class space    used 1291K, capacity 1364K, committed 1408K, reserved 1048576K
GC Heap History (10 events):
Event: 1.202 GC heap before
{Heap before GC invocations=4 (full 0):
 PSYoungGen      total 36864K, used 33202K [0x00000000d7000000, 0x00000000db800000, 0x0000000100000000)
  eden space 31744K, 100% used [0x00000000d7000000,0x00000000d8f00000,0x00000000d8f00000)
  from space 5120K, 28% used [0x00000000d8f00000,0x00000000d906c840,0x00000000d9400000)
  to   space 5120K, 0% used [0x00000000db300000,0x00000000db300000,0x00000000db800000)
 ParOldGen       total 84992K, used 24K [0x0000000085000000, 0x000000008a300000, 0x00000000d7000000)
  object space 84992K, 0% used [0x0000000085000000,0x0000000085006000,0x000000008a300000)
 Metaspace       used 10357K, capacity 10620K, committed 10752K, reserved 1058816K
  class space    used 1152K, capacity 1235K, committed 1280K, reserved 1048576K
Event: 1.204 GC heap after
Heap after GC invocations=4 (full 0):
 PSYoungGen      total 68608K, used 1504K [0x00000000d7000000, 0x00000000db800000, 0x0000000100000000)
  eden space 63488K, 0% used [0x00000000d7000000,0x00000000d7000000,0x00000000dae00000)
  from space 5120K, 29% used [0x00000000db300000,0x00000000db478000,0x00000000db800000)
  to   space 5120K, 0% used [0x00000000dae00000,0x00000000dae00000,0x00000000db300000)
 ParOldGen       total 84992K, used 32K [0x0000000085000000, 0x000000008a300000, 0x00000000d7000000)
  object space 84992K, 0% used [0x0000000085000000,0x0000000085008000,0x000000008a300000)
 Metaspace       used 10357K, capacity 10620K, committed 10752K, reserved 1058816K
  class space    used 1152K, capacity 1235K, committed 1280K, reserved 1048576K
}
Event: 1.742 GC heap before
{Heap before GC invocations=5 (full 0):
 PSYoungGen      total 68608K, used 64992K [0x00000000d7000000, 0x00000000db800000, 0x0000000100000000)
  eden space 63488K, 100% used [0x00000000d7000000,0x00000000dae00000,0x00000000dae00000)
  from space 5120K, 29% used [0x00000000db300000,0x00000000db478000,0x00000000db800000)
  to   space 5120K, 0% used [0x00000000dae00000,0x00000000dae00000,0x00000000db300000)
 ParOldGen       total 84992K, used 32K [0x0000000085000000, 0x000000008a300000, 0x00000000d7000000)
  object space 84992K, 0% used [0x0000000085000000,0x0000000085008000,0x000000008a300000)
 Metaspace       used 11610K, capacity 11906K, committed 12160K, reserved 1060864K
  class space    used 1288K, capacity 1364K, committed 1408K, reserved 1048576K
Event: 1.748 GC heap after
Heap after GC invocations=5 (full 0):
 PSYoungGen      total 68608K, used 4882K [0x00000000d7000000, 0x00000000df400000, 0x0000000100000000)
  eden space 63488K, 0% used [0x00000000d7000000,0x00000000d7000000,0x00000000dae00000)
  from space 5120K, 95% used [0x00000000dae00000,0x00000000db2c4810,0x00000000db300000)
  to   space 4096K, 0% used [0x00000000df000000,0x00000000df000000,0x00000000df400000)
 ParOldGen       total 84992K, used 8140K [0x0000000085000000, 0x000000008a300000, 0x00000000d7000000)
  object space 84992K, 9% used [0x0000000085000000,0x00000000857f3030,0x000000008a300000)
 Metaspace       used 11610K, capacity 11906K, committed 12160K, reserved 1060864K
  class space    used 1288K, capacity 1364K, committed 1408K, reserved 1048576K
}
Event: 2.339 GC heap before
{Heap before GC invocations=6 (full 0):
 PSYoungGen      total 68608K, used 67450K [0x00000000d7000000, 0x00000000df400000, 0x0000000100000000)
  eden space 63488K, 98% used [0x00000000d7000000,0x00000000dad1a0c0,0x00000000dae00000)
  from space 5120K, 95% used [0x00000000dae00000,0x00000000db2c4810,0x00000000db300000)
  to   space 4096K, 0% used [0x00000000df000000,0x00000000df000000,0x00000000df400000)
 ParOldGen       total 84992K, used 8140K [0x0000000085000000, 0x000000008a300000, 0x00000000d7000000)
  object space 84992K, 9% used [0x0000000085000000,0x00000000857f3030,0x000000008a300000)
 Metaspace       used 11639K, capacity 11906K, committed 12160K, reserved 1060864K
  class space    used 1288K, capacity 1364K, committed 1408K, reserved 1048576K
Event: 2.343 GC heap after
Heap after GC invocations=6 (full 0):
 PSYoungGen      total 129536K, used 4081K [0x00000000d7000000, 0x00000000df700000, 0x0000000100000000)
  eden space 125440K, 0% used [0x00000000d7000000,0x00000000d7000000,0x00000000dea80000)
  from space 4096K, 99% used [0x00000000df000000,0x00000000df3fc438,0x00000000df400000)
  to   space 5632K, 0% used [0x00000000dea80000,0x00000000dea80000,0x00000000df000000)
 ParOldGen       total 84992K, used 8962K [0x0000000085000000, 0x000000008a300000, 0x00000000d7000000)
  object space 84992K, 10% used [0x0000000085000000,0x00000000858c09d0,0x000000008a300000)
 Metaspace       used 11639K, capacity 11906K, committed 12160K, reserved 1060864K
  class space    used 1288K, capacity 1364K, committed 1408K, reserved 1048576K
}
Event: 3.523 GC heap before
{Heap before GC invocations=7 (full 0):
 PSYoungGen      total 129536K, used 128220K [0x00000000d7000000, 0x00000000df700000, 0x0000000100000000)
  eden space 125440K, 98% used [0x00000000d7000000,0x00000000de93ac70,0x00000000dea80000)
  from space 4096K, 99% used [0x00000000df000000,0x00000000df3fc438,0x00000000df400000)
  to   space 5632K, 0% used [0x00000000dea80000,0x00000000dea80000,0x00000000df000000)
 ParOldGen       total 84992K, used 8962K [0x0000000085000000, 0x000000008a300000, 0x00000000d7000000)
  object space 84992K, 10% used [0x0000000085000000,0x00000000858c09d0,0x000000008a300000)
 Metaspace       used 11672K, capacity 11970K, committed 12160K, reserved 1060864K
  class space    used 1288K, capacity 1364K, committed 1408K, reserved 1048576K
Event: 3.536 GC heap after
Heap after GC invocations=7 (full 0):
 PSYoungGen      total 131072K, used 3633K [0x00000000d7000000, 0x00000000e7000000, 0x0000000100000000)
  eden space 125440K, 0% used [0x00000000d7000000,0x00000000d7000000,0x00000000dea80000)
  from space 5632K, 64% used [0x00000000dea80000,0x00000000dee0c450,0x00000000df000000)
  to   space 5632K, 0% used [0x00000000e6a80000,0x00000000e6a80000,0x00000000e7000000)
 ParOldGen       total 84992K, used 15285K [0x0000000085000000, 0x000000008a300000, 0x00000000d7000000)
  object space 84992K, 17% used [0x0000000085000000,0x0000000085eed728,0x000000008a300000)
 Metaspace       used 11672K, capacity 11970K, committed 12160K, reserved 1060864K
  class space    used 1288K, capacity 1364K, committed 1408K, reserved 1048576K
}
Event: 4.546 GC heap before
{Heap before GC invocations=8 (full 0):
 PSYoungGen      total 131072K, used 127937K [0x00000000d7000000, 0x00000000e7000000, 0x0000000100000000)
  eden space 125440K, 99% used [0x00000000d7000000,0x00000000de964218,0x00000000dea80000)
  from space 5632K, 64% used [0x00000000dea80000,0x00000000dee0c450,0x00000000df000000)
  to   space 5632K, 0% used [0x00000000e6a80000,0x00000000e6a80000,0x00000000e7000000)
 ParOldGen       total 84992K, used 15285K [0x0000000085000000, 0x000000008a300000, 0x00000000d7000000)
  object space 84992K, 17% used [0x0000000085000000,0x0000000085eed728,0x000000008a300000)
 Metaspace       used 11695K, capacity 11970K, committed 12160K, reserved 1060864K
  class space    used 1288K, capacity 1364K, committed 1408K, reserved 1048576K
Event: 4.551 GC heap after
Heap after GC invocations=8 (full 0):
 PSYoungGen      total 256512K, used 3634K [0x00000000d7000000, 0x00000000e7000000, 0x0000000100000000)
  eden space 250880K, 0% used [0x00000000d7000000,0x00000000d7000000,0x00000000e6500000)
  from space 5632K, 64% used [0x00000000e6a80000,0x00000000e6e0c850,0x00000000e7000000)
  to   space 5632K, 0% used [0x00000000e6500000,0x00000000e6500000,0x00000000e6a80000)
 ParOldGen       total 84992K, used 20701K [0x0000000085000000, 0x000000008a300000, 0x00000000d7000000)
  object space 84992K, 24% used [0x0000000085000000,0x0000000086437748,0x000000008a300000)
 Metaspace       used 11695K, capacity 11970K, committed 12160K, reserved 1060864K
  class space    used 1288K, capacity 1364K, committed 1408K, reserved 1048576K
}

