# JRE version: OpenJDK Runtime Environment (8.0_121-b13) (build 1.8.0_121-8u121-b13-3-b13)
# Java VM: OpenJDK 64-Bit Server VM (25.121-b13 mixed mode linux-amd64 compressed oops)
Heap:
 PSYoungGen      total 252928K, used 146256K [0x00000000d7000000, 0x00000000e7400000, 0x0000000100000000)
  eden space 244224K, 56% used [0x00000000d7000000,0x00000000df67ad78,0x00000000e5e80000)
  from space 8704K, 98% used [0x00000000e6880000,0x00000000e70d94f0,0x00000000e7100000)
  to   space 10240K, 0% used [0x00000000e5e80000,0x00000000e5e80000,0x00000000e6880000)
 ParOldGen       total 84992K, used 12429K [0x0000000085000000, 0x000000008a300000, 0x00000000d7000000)
  object space 84992K, 14% used [0x0000000085000000,0x0000000085c23708,0x000000008a300000)
 Metaspace       used 11711K, capacity 11970K, committed 12160K, reserved 1060864K
  class space    used 1290K, capacity 1364K, committed 1408K, reserved 1048576K
GC Heap History (10 events):
Event: 1.293 GC heap before
{Heap before GC invocations=4 (full 0):
 PSYoungGen      total 36864K, used 33248K [0x00000000d7000000, 0x00000000db800000, 0x0000000100000000)
  eden space 31744K, 100% used [0x00000000d7000000,0x00000000d8f00000,0x00000000d8f00000)
  from space 5120K, 29% used [0x00000000d8f00000,0x00000000d9078020,0x00000000d9400000)
  to   space 5120K, 0% used [0x00000000db300000,0x00000000db300000,0x00000000db800000)
 ParOldGen       total 84992K, used 24K [0x0000000085000000, 0x000000008a300000, 0x00000000d7000000)
  object space 84992K, 0% used [0x0000000085000000,0x0000000085006000,0x000000008a300000)
 Metaspace       used 10363K, capacity 10620K, committed 10752K, reserved 1058816K
  class space    used 1150K, capacity 1235K, committed 1280K, reserved 1048576K
Event: 1.296 GC heap after
Heap after GC invocations=4 (full 0):
 PSYoungGen      total 68608K, used 1474K [0x00000000d7000000, 0x00000000db800000, 0x0000000100000000)
  eden space 63488K, 0% used [0x00000000d7000000,0x00000000d7000000,0x00000000dae00000)
  from space 5120K, 28% used [0x00000000db300000,0x00000000db470830,0x00000000db800000)
  to   space 5120K, 0% used [0x00000000dae00000,0x00000000dae00000,0x00000000db300000)
 ParOldGen       total 84992K, used 24K [0x0000000085000000, 0x000000008a300000, 0x00000000d7000000)
  object space 84992K, 0% used [0x0000000085000000,0x0000000085006000,0x000000008a300000)
 Metaspace       used 10363K, capacity 10620K, committed 10752K, reserved 1058816K
  class space    used 1150K, capacity 1235K, committed 1280K, reserved 1048576K
}
Event: 1.845 GC heap before
{Heap before GC invocations=5 (full 0):
 PSYoungGen      total 68608K, used 64820K [0x00000000d7000000, 0x00000000db800000, 0x0000000100000000)
  eden space 63488K, 99% used [0x00000000d7000000,0x00000000daddcb30,0x00000000dae00000)
  from space 5120K, 28% used [0x00000000db300000,0x00000000db470830,0x00000000db800000)
  to   space 5120K, 0% used [0x00000000dae00000,0x00000000dae00000,0x00000000db300000)
 ParOldGen       total 84992K, used 24K [0x0000000085000000, 0x000000008a300000, 0x00000000d7000000)
  object space 84992K, 0% used [0x0000000085000000,0x0000000085006000,0x000000008a300000)
 Metaspace       used 11537K, capacity 11778K, committed 11904K, reserved 1060864K
  class space    used 1286K, capacity 1364K, committed 1408K, reserved 1048576K
Event: 1.849 GC heap after
Heap after GC invocations=5 (full 0):
 PSYoungGen      total 68608K, used 4694K [0x00000000d7000000, 0x00000000df400000, 0x0000000100000000)
  eden space 63488K, 0% used [0x00000000d7000000,0x00000000d7000000,0x00000000dae00000)
  from space 5120K, 91% used [0x00000000dae00000,0x00000000db295a90,0x00000000db300000)
  to   space 4096K, 0% used [0x00000000df000000,0x00000000df000000,0x00000000df400000)
 ParOldGen       total 84992K, used 2732K [0x0000000085000000, 0x000000008a300000, 0x00000000d7000000)
  object space 84992K, 3% used [0x0000000085000000,0x00000000852ab010,0x000000008a300000)
 Metaspace       used 11537K, capacity 11778K, committed 11904K, reserved 1060864K
  class space    used 1286K, capacity 1364K, committed 1408K, reserved 1048576K
}
Event: 2.371 GC heap before
{Heap before GC invocations=6 (full 0):
 PSYoungGen      total 68608K, used 68182K [0x00000000d7000000, 0x00000000df400000, 0x0000000100000000)
  eden space 63488K, 100% used [0x00000000d7000000,0x00000000dae00000,0x00000000dae00000)
  from space 5120K, 91% used [0x00000000dae00000,0x00000000db295a90,0x00000000db300000)
  to   space 4096K, 0% used [0x00000000df000000,0x00000000df000000,0x00000000df400000)
 ParOldGen       total 84992K, used 2732K [0x0000000085000000, 0x000000008a300000, 0x00000000d7000000)
  object space 84992K, 3% used [0x0000000085000000,0x00000000852ab010,0x000000008a300000)
 Metaspace       used 11548K, capacity 11778K, committed 11904K, reserved 1060864K
  class space    used 1286K, capacity 1364K, committed 1408K, reserved 1048576K
Event: 2.382 GC heap after
Heap after GC invocations=6 (full 0):
 PSYoungGen      total 126976K, used 4091K [0x00000000d7000000, 0x00000000dfc00000, 0x0000000100000000)
  eden space 122880K, 0% used [0x00000000d7000000,0x00000000d7000000,0x00000000de800000)
  from space 4096K, 99% used [0x00000000df000000,0x00000000df3fec70,0x00000000df400000)
  to   space 8192K, 0% used [0x00000000de800000,0x00000000de800000,0x00000000df000000)
 ParOldGen       total 84992K, used 8674K [0x0000000085000000, 0x000000008a300000, 0x00000000d7000000)
  object space 84992K, 10% used [0x0000000085000000,0x00000000858789d0,0x000000008a300000)
 Metaspace       used 11548K, capacity 11778K, committed 11904K, reserved 1060864K
  class space    used 1286K, capacity 1364K, committed 1408K, reserved 1048576K
}
Event: 3.555 GC heap before
{Heap before GC invocations=7 (full 0):
 PSYoungGen      total 126976K, used 126971K [0x00000000d7000000, 0x00000000dfc00000, 0x0000000100000000)
  eden space 122880K, 100% used [0x00000000d7000000,0x00000000de800000,0x00000000de800000)
  from space 4096K, 99% used [0x00000000df000000,0x00000000df3fec70,0x00000000df400000)
  to   space 8192K, 0% used [0x00000000de800000,0x00000000de800000,0x00000000df000000)
 ParOldGen       total 84992K, used 8674K [0x0000000085000000, 0x000000008a300000, 0x00000000d7000000)
  object space 84992K, 10% used [0x0000000085000000,0x00000000858789d0,0x000000008a300000)
 Metaspace       used 11585K, capacity 11842K, committed 11904K, reserved 1060864K
  class space    used 1286K, capacity 1364K, committed 1408K, reserved 1048576K
Event: 3.561 GC heap after
Heap after GC invocations=7 (full 0):
 PSYoungGen      total 131072K, used 5528K [0x00000000d7000000, 0x00000000e7100000, 0x0000000100000000)
  eden space 122880K, 0% used [0x00000000d7000000,0x00000000d7000000,0x00000000de800000)
  from space 8192K, 67% used [0x00000000de800000,0x00000000ded66020,0x00000000df000000)
  to   space 8704K, 0% used [0x00000000e6880000,0x00000000e6880000,0x00000000e7100000)
 ParOldGen       total 84992K, used 9721K [0x0000000085000000, 0x000000008a300000, 0x00000000d7000000)
  object space 84992K, 11% used [0x0000000085000000,0x000000008597e6f8,0x000000008a300000)
 Metaspace       used 11585K, capacity 11842K, committed 11904K, reserved 1060864K
  class space    used 1286K, capacity 1364K, committed 1408K, reserved 1048576K
}
Event: 4.585 GC heap before
{Heap before GC invocations=8 (full 0):
 PSYoungGen      total 131072K, used 128351K [0x00000000d7000000, 0x00000000e7100000, 0x0000000100000000)
  eden space 122880K, 99% used [0x00000000d7000000,0x00000000de7f1f48,0x00000000de800000)
  from space 8192K, 67% used [0x00000000de800000,0x00000000ded66020,0x00000000df000000)
  to   space 8704K, 0% used [0x00000000e6880000,0x00000000e6880000,0x00000000e7100000)
 ParOldGen       total 84992K, used 9721K [0x0000000085000000, 0x000000008a300000, 0x00000000d7000000)
  object space 84992K, 11% used [0x0000000085000000,0x000000008597e6f8,0x000000008a300000)
 Metaspace       used 11619K, capacity 11842K, committed 11904K, reserved 1060864K
  class space    used 1286K, capacity 1364K, committed 1408K, reserved 1048576K
Event: 4.589 GC heap after
Heap after GC invocations=8 (full 0):
 PSYoungGen      total 252928K, used 8549K [0x00000000d7000000, 0x00000000e7400000, 0x0000000100000000)
  eden space 244224K, 0% used [0x00000000d7000000,0x00000000d7000000,0x00000000e5e80000)
  from space 8704K, 98% used [0x00000000e6880000,0x00000000e70d94f0,0x00000000e7100000)
  to   space 10240K, 0% used [0x00000000e5e80000,0x00000000e5e80000,0x00000000e6880000)
 ParOldGen       total 84992K, used 12429K [0x0000000085000000, 0x000000008a300000, 0x00000000d7000000)
  object space 84992K, 14% used [0x0000000085000000,0x0000000085c23708,0x000000008a300000)
 Metaspace       used 11619K, capacity 11842K, committed 11904K, reserved 1060864K
  class space    used 1286K, capacity 1364K, committed 1408K, reserved 1048576K
}

