# JRE version: OpenJDK Runtime Environment (8.0_121-b13) (build 1.8.0_121-8u121-b13-3-b13)
# Java VM: OpenJDK 64-Bit Server VM (25.121-b13 mixed mode linux-amd64 compressed oops)
Heap:
 PSYoungGen      total 121344K, used 104077K [0x00000000d7000000, 0x00000000e6e00000, 0x0000000100000000)
  eden space 117760K, 85% used [0x00000000d7000000,0x00000000dd2a2bf8,0x00000000de300000)
  from space 3584K, 85% used [0x00000000e6800000,0x00000000e6b008d8,0x00000000e6b80000)
  to   space 2560K, 0% used [0x00000000e6b80000,0x00000000e6b80000,0x00000000e6e00000)
 ParOldGen       total 84992K, used 39956K [0x0000000085000000, 0x000000008a300000, 0x00000000d7000000)
  object space 84992K, 47% used [0x0000000085000000,0x00000000877050d8,0x000000008a300000)
 Metaspace       used 11766K, capacity 11962K, committed 12160K, reserved 1060864K
  class space    used 1286K, capacity 1364K, committed 1408K, reserved 1048576K
GC Heap History (10 events):
Event: 2.749 GC heap before
{Heap before GC invocations=5 (full 0):
 PSYoungGen      total 68608K, used 67932K [0x00000000d7000000, 0x00000000db800000, 0x0000000100000000)
  eden space 63488K, 100% used [0x00000000d7000000,0x00000000dae00000,0x00000000dae00000)
  from space 5120K, 86% used [0x00000000db300000,0x00000000db757020,0x00000000db800000)
  to   space 5120K, 0% used [0x00000000dae00000,0x00000000dae00000,0x00000000db300000)
 ParOldGen       total 84992K, used 24557K [0x0000000085000000, 0x000000008a300000, 0x00000000d7000000)
  object space 84992K, 28% used [0x0000000085000000,0x00000000867fb690,0x000000008a300000)
 Metaspace       used 11540K, capacity 11770K, committed 11904K, reserved 1060864K
  class space    used 1280K, capacity 1364K, committed 1408K, reserved 1048576K
Event: 2.753 GC heap after
Heap after GC invocations=5 (full 0):
 PSYoungGen      total 68608K, used 4682K [0x00000000d7000000, 0x00000000df600000, 0x0000000100000000)
  eden space 63488K, 0% used [0x00000000d7000000,0x00000000d7000000,0x00000000dae00000)
  from space 5120K, 91% used [0x00000000dae00000,0x00000000db2929c8,0x00000000db300000)
  to   space 5120K, 0% used [0x00000000df100000,0x00000000df100000,0x00000000df600000)
 ParOldGen       total 84992K, used 24565K [0x0000000085000000, 0x000000008a300000, 0x00000000d7000000)
  object space 84992K, 28% used [0x0000000085000000,0x00000000867fd690,0x000000008a300000)
 Metaspace       used 11540K, capacity 11770K, committed 11904K, reserved 1060864K
  class space    used 1280K, capacity 1364K, committed 1408K, reserved 1048576K
}
Event: 3.304 GC heap before
{Heap before GC invocations=6 (full 0):
 PSYoungGen      total 68608K, used 68170K [0x00000000d7000000, 0x00000000df600000, 0x0000000100000000)
  eden space 63488K, 100% used [0x00000000d7000000,0x00000000dae00000,0x00000000dae00000)
  from space 5120K, 91% used [0x00000000dae00000,0x00000000db2929c8,0x00000000db300000)
  to   space 5120K, 0% used [0x00000000df100000,0x00000000df100000,0x00000000df600000)
 ParOldGen       total 84992K, used 24565K [0x0000000085000000, 0x000000008a300000, 0x00000000d7000000)
  object space 84992K, 28% used [0x0000000085000000,0x00000000867fd690,0x000000008a300000)
 Metaspace       used 11551K, capacity 11770K, committed 11904K, reserved 1060864K
  class space    used 1280K, capacity 1364K, committed 1408K, reserved 1048576K
Event: 3.308 GC heap after
Heap after GC invocations=6 (full 0):
 PSYoungGen      total 132096K, used 4659K [0x00000000d7000000, 0x00000000df600000, 0x0000000100000000)
  eden space 126976K, 0% used [0x00000000d7000000,0x00000000d7000000,0x00000000dec00000)
  from space 5120K, 91% used [0x00000000df100000,0x00000000df58cd70,0x00000000df600000)
  to   space 5120K, 0% used [0x00000000dec00000,0x00000000dec00000,0x00000000df100000)
 ParOldGen       total 84992K, used 27273K [0x0000000085000000, 0x000000008a300000, 0x00000000d7000000)
  object space 84992K, 32% used [0x0000000085000000,0x0000000086aa26a0,0x000000008a300000)
 Metaspace       used 11551K, capacity 11770K, committed 11904K, reserved 1060864K
  class space    used 1280K, capacity 1364K, committed 1408K, reserved 1048576K
}
Event: 4.414 GC heap before
{Heap before GC invocations=7 (full 0):
 PSYoungGen      total 132096K, used 131635K [0x00000000d7000000, 0x00000000df600000, 0x0000000100000000)
  eden space 126976K, 100% used [0x00000000d7000000,0x00000000dec00000,0x00000000dec00000)
  from space 5120K, 91% used [0x00000000df100000,0x00000000df58cd70,0x00000000df600000)
  to   space 5120K, 0% used [0x00000000dec00000,0x00000000dec00000,0x00000000df100000)
 ParOldGen       total 84992K, used 27273K [0x0000000085000000, 0x000000008a300000, 0x00000000d7000000)
  object space 84992K, 32% used [0x0000000085000000,0x0000000086aa26a0,0x000000008a300000)
 Metaspace       used 11599K, capacity 11834K, committed 11904K, reserved 1060864K
  class space    used 1280K, capacity 1364K, committed 1408K, reserved 1048576K
Event: 4.418 GC heap after
Heap after GC invocations=7 (full 0):
 PSYoungGen      total 132096K, used 3078K [0x00000000d7000000, 0x00000000e7300000, 0x0000000100000000)
  eden space 126976K, 0% used [0x00000000d7000000,0x00000000d7000000,0x00000000dec00000)
  from space 5120K, 60% used [0x00000000dec00000,0x00000000def01b90,0x00000000df100000)
  to   space 5632K, 0% used [0x00000000e6d80000,0x00000000e6d80000,0x00000000e7300000)
 ParOldGen       total 84992K, used 31598K [0x0000000085000000, 0x000000008a300000, 0x00000000d7000000)
  object space 84992K, 37% used [0x0000000085000000,0x0000000086edbaa8,0x000000008a300000)
 Metaspace       used 11599K, capacity 11834K, committed 11904K, reserved 1060864K
  class space    used 1280K, capacity 1364K, committed 1408K, reserved 1048576K
}
Event: 5.502 GC heap before
{Heap before GC invocations=8 (full 0):
 PSYoungGen      total 132096K, used 130054K [0x00000000d7000000, 0x00000000e7300000, 0x0000000100000000)
  eden space 126976K, 100% used [0x00000000d7000000,0x00000000dec00000,0x00000000dec00000)
  from space 5120K, 60% used [0x00000000dec00000,0x00000000def01b90,0x00000000df100000)
  to   space 5632K, 0% used [0x00000000e6d80000,0x00000000e6d80000,0x00000000e7300000)
 ParOldGen       total 84992K, used 31598K [0x0000000085000000, 0x000000008a300000, 0x00000000d7000000)
  object space 84992K, 37% used [0x0000000085000000,0x0000000086edbac8,0x000000008a300000)
 Metaspace       used 11633K, capacity 11898K, committed 12160K, reserved 1060864K
  class space    used 1280K, capacity 1364K, committed 1408K, reserved 1048576K
Event: 5.504 GC heap after
Heap after GC invocations=8 (full 0):
 PSYoungGen      total 128000K, used 5496K [0x00000000d7000000, 0x00000000e7300000, 0x0000000100000000)
  eden space 122368K, 0% used [0x00000000d7000000,0x00000000d7000000,0x00000000de780000)
  from space 5632K, 97% used [0x00000000e6d80000,0x00000000e72de020,0x00000000e7300000)
  to   space 5632K, 0% used [0x00000000e6800000,0x00000000e6800000,0x00000000e6d80000)
 ParOldGen       total 84992K, used 31606K [0x0000000085000000, 0x000000008a300000, 0x00000000d7000000)
  object space 84992K, 37% used [0x0000000085000000,0x0000000086eddac8,0x000000008a300000)
 Metaspace       used 11633K, capacity 11898K, committed 12160K, reserved 1060864K
  class space    used 1280K, capacity 1364K, committed 1408K, reserved 1048576K
}
Event: 6.556 GC heap before
{Heap before GC invocations=9 (full 0):
 PSYoungGen      total 128000K, used 127864K [0x00000000d7000000, 0x00000000e7300000, 0x0000000100000000)
  eden space 122368K, 100% used [0x00000000d7000000,0x00000000de780000,0x00000000de780000)
  from space 5632K, 97% used [0x00000000e6d80000,0x00000000e72de020,0x00000000e7300000)
  to   space 5632K, 0% used [0x00000000e6800000,0x00000000e6800000,0x00000000e6d80000)
 ParOldGen       total 84992K, used 34540K [0x0000000085000000, 0x000000008a300000, 0x00000000d7000000)
  object space 84992K, 40% used [0x0000000085000000,0x00000000871bb0b8,0x000000008a300000)
 Metaspace       used 11661K, capacity 11898K, committed 12160K, reserved 1060864K
  class space    used 1280K, capacity 1364K, committed 1408K, reserved 1048576K
Event: 6.559 GC heap after
Heap after GC invocations=9 (full 0):
 PSYoungGen      total 121344K, used 3074K [0x00000000d7000000, 0x00000000e6e00000, 0x0000000100000000)
  eden space 117760K, 0% used [0x00000000d7000000,0x00000000d7000000,0x00000000de300000)
  from space 3584K, 85% used [0x00000000e6800000,0x00000000e6b008d8,0x00000000e6b80000)
  to   space 2560K, 0% used [0x00000000e6b80000,0x00000000e6b80000,0x00000000e6e00000)
 ParOldGen       total 84992K, used 39956K [0x0000000085000000, 0x000000008a300000, 0x00000000d7000000)
  object space 84992K, 47% used [0x0000000085000000,0x00000000877050d8,0x000000008a300000)
 Metaspace       used 11661K, capacity 11898K, committed 12160K, reserved 1060864K
  class space    used 1280K, capacity 1364K, committed 1408K, reserved 1048576K
}

