# JRE version: OpenJDK Runtime Environment (8.0_121-b13) (build 1.8.0_121-8u121-b13-3-b13)
# Java VM: OpenJDK 64-Bit Server VM (25.121-b13 mixed mode linux-amd64 compressed oops)
Heap:
 PSYoungGen      total 131072K, used 99120K [0x00000000d7000000, 0x00000000e7200000, 0x0000000100000000)
  eden space 124416K, 75% used [0x00000000d7000000,0x00000000dcb368c8,0x00000000de980000)
  from space 6656K, 85% used [0x00000000de980000,0x00000000def15ad0,0x00000000df000000)
  to   space 7680K, 0% used [0x00000000e6a80000,0x00000000e6a80000,0x00000000e7200000)
 ParOldGen       total 84992K, used 15149K [0x0000000085000000, 0x000000008a300000, 0x00000000d7000000)
  object space 84992K, 17% used [0x0000000085000000,0x0000000085ecb5b8,0x000000008a300000)
 Metaspace       used 11763K, capacity 12018K, committed 12160K, reserved 1060864K
  class space    used 1295K, capacity 1364K, committed 1408K, reserved 1048576K
GC Heap History (10 events):
Event: 1.662 GC heap before
{Heap before GC invocations=3 (full 0):
 PSYoungGen      total 36864K, used 33234K [0x00000000d7000000, 0x00000000db800000, 0x0000000100000000)
  eden space 31744K, 100% used [0x00000000d7000000,0x00000000d8f00000,0x00000000d8f00000)
  from space 5120K, 29% used [0x00000000d9400000,0x00000000d9574840,0x00000000d9900000)
  to   space 5120K, 0% used [0x00000000d8f00000,0x00000000d8f00000,0x00000000d9400000)
 ParOldGen       total 84992K, used 16K [0x0000000085000000, 0x000000008a300000, 0x00000000d7000000)
  object space 84992K, 0% used [0x0000000085000000,0x0000000085004000,0x000000008a300000)
 Metaspace       used 10357K, capacity 10668K, committed 10752K, reserved 1058816K
  class space    used 1149K, capacity 1235K, committed 1280K, reserved 1048576K
Event: 1.665 GC heap after
Heap after GC invocations=3 (full 0):
 PSYoungGen      total 36864K, used 1474K [0x00000000d7000000, 0x00000000db800000, 0x0000000100000000)
  eden space 31744K, 0% used [0x00000000d7000000,0x00000000d7000000,0x00000000d8f00000)
  from space 5120K, 28% used [0x00000000d8f00000,0x00000000d9070830,0x00000000d9400000)
  to   space 5120K, 0% used [0x00000000db300000,0x00000000db300000,0x00000000db800000)
 ParOldGen       total 84992K, used 16K [0x0000000085000000, 0x000000008a300000, 0x00000000d7000000)
  object space 84992K, 0% used [0x0000000085000000,0x0000000085004000,0x000000008a300000)
 Metaspace       used 10357K, capacity 10668K, committed 10752K, reserved 1058816K
  class space    used 1149K, capacity 1235K, committed 1280K, reserved 1048576K
}
Event: 1.772 GC heap before
{Heap before GC invocations=4 (full 0):
 PSYoungGen      total 36864K, used 33218K [0x00000000d7000000, 0x00000000db800000, 0x0000000100000000)
  eden space 31744K, 100% used [0x00000000d7000000,0x00000000d8f00000,0x00000000d8f00000)
  from space 5120K, 28% used [0x00000000d8f00000,0x00000000d9070830,0x00000000d9400000)
  to   space 5120K, 0% used [0x00000000db300000,0x00000000db300000,0x00000000db800000)
 ParOldGen       total 84992K, used 16K [0x0000000085000000, 0x000000008a300000, 0x00000000d7000000)
  object space 84992K, 0% used [0x0000000085000000,0x0000000085004000,0x000000008a300000)
 Metaspace       used 10357K, capacity 10668K, committed 10752K, reserved 1058816K
  class space    used 1149K, capacity 1235K, committed 1280K, reserved 1048576K
Event: 1.775 GC heap after
Heap after GC invocations=4 (full 0):
 PSYoungGen      total 68608K, used 1472K [0x00000000d7000000, 0x00000000db800000, 0x0000000100000000)
  eden space 63488K, 0% used [0x00000000d7000000,0x00000000d7000000,0x00000000dae00000)
  from space 5120K, 28% used [0x00000000db300000,0x00000000db470020,0x00000000db800000)
  to   space 5120K, 0% used [0x00000000dae00000,0x00000000dae00000,0x00000000db300000)
 ParOldGen       total 84992K, used 24K [0x0000000085000000, 0x000000008a300000, 0x00000000d7000000)
  object space 84992K, 0% used [0x0000000085000000,0x0000000085006000,0x000000008a300000)
 Metaspace       used 10357K, capacity 10668K, committed 10752K, reserved 1058816K
  class space    used 1149K, capacity 1235K, committed 1280K, reserved 1048576K
}
Event: 2.377 GC heap before
{Heap before GC invocations=5 (full 0):
 PSYoungGen      total 68608K, used 64960K [0x00000000d7000000, 0x00000000db800000, 0x0000000100000000)
  eden space 63488K, 100% used [0x00000000d7000000,0x00000000dae00000,0x00000000dae00000)
  from space 5120K, 28% used [0x00000000db300000,0x00000000db470020,0x00000000db800000)
  to   space 5120K, 0% used [0x00000000dae00000,0x00000000dae00000,0x00000000db300000)
 ParOldGen       total 84992K, used 24K [0x0000000085000000, 0x000000008a300000, 0x00000000d7000000)
  object space 84992K, 0% used [0x0000000085000000,0x0000000085006000,0x000000008a300000)
 Metaspace       used 11544K, capacity 11762K, committed 11904K, reserved 1060864K
  class space    used 1283K, capacity 1364K, committed 1408K, reserved 1048576K
Event: 2.389 GC heap after
Heap after GC invocations=5 (full 0):
 PSYoungGen      total 68608K, used 4532K [0x00000000d7000000, 0x00000000df400000, 0x0000000100000000)
  eden space 63488K, 0% used [0x00000000d7000000,0x00000000d7000000,0x00000000dae00000)
  from space 5120K, 88% used [0x00000000dae00000,0x00000000db26d170,0x00000000db300000)
  to   space 4096K, 0% used [0x00000000df000000,0x00000000df000000,0x00000000df400000)
 ParOldGen       total 84992K, used 10832K [0x0000000085000000, 0x000000008a300000, 0x00000000d7000000)
  object space 84992K, 12% used [0x0000000085000000,0x0000000085a94040,0x000000008a300000)
 Metaspace       used 11544K, capacity 11762K, committed 11904K, reserved 1060864K
  class space    used 1283K, capacity 1364K, committed 1408K, reserved 1048576K
}
Event: 3.793 GC heap before
{Heap before GC invocations=6 (full 0):
 PSYoungGen      total 68608K, used 68020K [0x00000000d7000000, 0x00000000df400000, 0x0000000100000000)
  eden space 63488K, 100% used [0x00000000d7000000,0x00000000dae00000,0x00000000dae00000)
  from space 5120K, 88% used [0x00000000dae00000,0x00000000db26d170,0x00000000db300000)
  to   space 4096K, 0% used [0x00000000df000000,0x00000000df000000,0x00000000df400000)
 ParOldGen       total 84992K, used 10832K [0x0000000085000000, 0x000000008a300000, 0x00000000d7000000)
  object space 84992K, 12% used [0x0000000085000000,0x0000000085a94040,0x000000008a300000)
 Metaspace       used 11594K, capacity 11826K, committed 11904K, reserved 1060864K
  class space    used 1285K, capacity 1364K, committed 1408K, reserved 1048576K
Event: 3.797 GC heap after
Heap after GC invocations=6 (full 0):
 PSYoungGen      total 128512K, used 4072K [0x00000000d7000000, 0x00000000df900000, 0x0000000100000000)
  eden space 124416K, 0% used [0x00000000d7000000,0x00000000d7000000,0x00000000de980000)
  from space 4096K, 99% used [0x00000000df000000,0x00000000df3fa090,0x00000000df400000)
  to   space 6656K, 0% used [0x00000000de980000,0x00000000de980000,0x00000000df000000)
 ParOldGen       total 84992K, used 13970K [0x0000000085000000, 0x000000008a300000, 0x00000000d7000000)
  object space 84992K, 16% used [0x0000000085000000,0x0000000085da49f0,0x000000008a300000)
 Metaspace       used 11594K, capacity 11826K, committed 11904K, reserved 1060864K
  class space    used 1285K, capacity 1364K, committed 1408K, reserved 1048576K
}
Event: 6.642 GC heap before
{Heap before GC invocations=7 (full 0):
 PSYoungGen      total 128512K, used 128488K [0x00000000d7000000, 0x00000000df900000, 0x0000000100000000)
  eden space 124416K, 100% used [0x00000000d7000000,0x00000000de980000,0x00000000de980000)
  from space 4096K, 99% used [0x00000000df000000,0x00000000df3fa090,0x00000000df400000)
  to   space 6656K, 0% used [0x00000000de980000,0x00000000de980000,0x00000000df000000)
 ParOldGen       total 84992K, used 13970K [0x0000000085000000, 0x000000008a300000, 0x00000000d7000000)
  object space 84992K, 16% used [0x0000000085000000,0x0000000085da49f0,0x000000008a300000)
 Metaspace       used 11637K, capacity 11954K, committed 12160K, reserved 1060864K
  class space    used 1285K, capacity 1364K, committed 1408K, reserved 1048576K
Event: 6.647 GC heap after
Heap after GC invocations=7 (full 0):
 PSYoungGen      total 131072K, used 5718K [0x00000000d7000000, 0x00000000e7200000, 0x0000000100000000)
  eden space 124416K, 0% used [0x00000000d7000000,0x00000000d7000000,0x00000000de980000)
  from space 6656K, 85% used [0x00000000de980000,0x00000000def15ad0,0x00000000df000000)
  to   space 7680K, 0% used [0x00000000e6a80000,0x00000000e6a80000,0x00000000e7200000)
 ParOldGen       total 84992K, used 15149K [0x0000000085000000, 0x000000008a300000, 0x00000000d7000000)
  object space 84992K, 17% used [0x0000000085000000,0x0000000085ecb5b8,0x000000008a300000)
 Metaspace       used 11637K, capacity 11954K, committed 12160K, reserved 1060864K
  class space    used 1285K, capacity 1364K, committed 1408K, reserved 1048576K
}

