# JRE version: OpenJDK Runtime Environment (8.0_121-b13) (build 1.8.0_121-8u121-b13-3-b13)
# Java VM: OpenJDK 64-Bit Server VM (25.121-b13 mixed mode linux-amd64 compressed oops)
Heap:
 PSYoungGen      total 254464K, used 150940K [0x00000000d7000000, 0x00000000e7100000, 0x0000000100000000)
  eden space 245760K, 59% used [0x00000000d7000000,0x00000000dfdc8390,0x00000000e6000000)
  from space 8704K, 66% used [0x00000000e6880000,0x00000000e6e1ef08,0x00000000e7100000)
  to   space 8704K, 0% used [0x00000000e6000000,0x00000000e6000000,0x00000000e6880000)
 ParOldGen       total 84992K, used 17977K [0x0000000085000000, 0x000000008a300000, 0x00000000d7000000)
  object space 84992K, 21% used [0x0000000085000000,0x000000008618e640,0x000000008a300000)
 Metaspace       used 11781K, capacity 12034K, committed 12160K, reserved 1060864K
  class space    used 1289K, capacity 1364K, committed 1408K, reserved 1048576K
GC Heap History (10 events):
Event: 1.498 GC heap before
{Heap before GC invocations=4 (full 0):
 PSYoungGen      total 36864K, used 33250K [0x00000000d7000000, 0x00000000db800000, 0x0000000100000000)
  eden space 31744K, 100% used [0x00000000d7000000,0x00000000d8f00000,0x00000000d8f00000)
  from space 5120K, 29% used [0x00000000d8f00000,0x00000000d9078830,0x00000000d9400000)
  to   space 5120K, 0% used [0x00000000db300000,0x00000000db300000,0x00000000db800000)
 ParOldGen       total 84992K, used 16K [0x0000000085000000, 0x000000008a300000, 0x00000000d7000000)
  object space 84992K, 0% used [0x0000000085000000,0x0000000085004000,0x000000008a300000)
 Metaspace       used 10346K, capacity 10620K, committed 10752K, reserved 1058816K
  class space    used 1147K, capacity 1235K, committed 1280K, reserved 1048576K
Event: 1.502 GC heap after
Heap after GC invocations=4 (full 0):
 PSYoungGen      total 68608K, used 1520K [0x00000000d7000000, 0x00000000db800000, 0x0000000100000000)
  eden space 63488K, 0% used [0x00000000d7000000,0x00000000d7000000,0x00000000dae00000)
  from space 5120K, 29% used [0x00000000db300000,0x00000000db47c010,0x00000000db800000)
  to   space 5120K, 0% used [0x00000000dae00000,0x00000000dae00000,0x00000000db300000)
 ParOldGen       total 84992K, used 16K [0x0000000085000000, 0x000000008a300000, 0x00000000d7000000)
  object space 84992K, 0% used [0x0000000085000000,0x0000000085004000,0x000000008a300000)
 Metaspace       used 10346K, capacity 10620K, committed 10752K, reserved 1058816K
  class space    used 1147K, capacity 1235K, committed 1280K, reserved 1048576K
}
Event: 2.262 GC heap before
{Heap before GC invocations=5 (full 0):
 PSYoungGen      total 68608K, used 64440K [0x00000000d7000000, 0x00000000db800000, 0x0000000100000000)
  eden space 63488K, 99% used [0x00000000d7000000,0x00000000dad72128,0x00000000dae00000)
  from space 5120K, 29% used [0x00000000db300000,0x00000000db47c010,0x00000000db800000)
  to   space 5120K, 0% used [0x00000000dae00000,0x00000000dae00000,0x00000000db300000)
 ParOldGen       total 84992K, used 16K [0x0000000085000000, 0x000000008a300000, 0x00000000d7000000)
  object space 84992K, 0% used [0x0000000085000000,0x0000000085004000,0x000000008a300000)
 Metaspace       used 11526K, capacity 11778K, committed 11904K, reserved 1060864K
  class space    used 1281K, capacity 1364K, committed 1408K, reserved 1048576K
Event: 2.266 GC heap after
Heap after GC invocations=5 (full 0):
 PSYoungGen      total 68608K, used 4575K [0x00000000d7000000, 0x00000000df400000, 0x0000000100000000)
  eden space 63488K, 0% used [0x00000000d7000000,0x00000000d7000000,0x00000000dae00000)
  from space 5120K, 89% used [0x00000000dae00000,0x00000000db277e10,0x00000000db300000)
  to   space 4096K, 0% used [0x00000000df000000,0x00000000df000000,0x00000000df400000)
 ParOldGen       total 84992K, used 5424K [0x0000000085000000, 0x000000008a300000, 0x00000000d7000000)
  object space 84992K, 6% used [0x0000000085000000,0x000000008554c020,0x000000008a300000)
 Metaspace       used 11526K, capacity 11778K, committed 11904K, reserved 1060864K
  class space    used 1281K, capacity 1364K, committed 1408K, reserved 1048576K
}
Event: 3.565 GC heap before
{Heap before GC invocations=6 (full 0):
 PSYoungGen      total 68608K, used 68063K [0x00000000d7000000, 0x00000000df400000, 0x0000000100000000)
  eden space 63488K, 100% used [0x00000000d7000000,0x00000000dae00000,0x00000000dae00000)
  from space 5120K, 89% used [0x00000000dae00000,0x00000000db277e10,0x00000000db300000)
  to   space 4096K, 0% used [0x00000000df000000,0x00000000df000000,0x00000000df400000)
 ParOldGen       total 84992K, used 5424K [0x0000000085000000, 0x000000008a300000, 0x00000000d7000000)
  object space 84992K, 6% used [0x0000000085000000,0x000000008554c040,0x000000008a300000)
 Metaspace       used 11568K, capacity 11842K, committed 11904K, reserved 1060864K
  class space    used 1281K, capacity 1364K, committed 1408K, reserved 1048576K
Event: 3.571 GC heap after
Heap after GC invocations=6 (full 0):
 PSYoungGen      total 126976K, used 4076K [0x00000000d7000000, 0x00000000dfc00000, 0x0000000100000000)
  eden space 122880K, 0% used [0x00000000d7000000,0x00000000d7000000,0x00000000de800000)
  from space 4096K, 99% used [0x00000000df000000,0x00000000df3fb030,0x00000000df400000)
  to   space 8192K, 0% used [0x00000000de800000,0x00000000de800000,0x00000000df000000)
 ParOldGen       total 84992K, used 11138K [0x0000000085000000, 0x000000008a300000, 0x00000000d7000000)
  object space 84992K, 13% used [0x0000000085000000,0x0000000085ae08a0,0x000000008a300000)
 Metaspace       used 11568K, capacity 11842K, committed 11904K, reserved 1060864K
  class space    used 1281K, capacity 1364K, committed 1408K, reserved 1048576K
}
Event: 6.407 GC heap before
{Heap before GC invocations=7 (full 0):
 PSYoungGen      total 126976K, used 126956K [0x00000000d7000000, 0x00000000dfc00000, 0x0000000100000000)
  eden space 122880K, 100% used [0x00000000d7000000,0x00000000de800000,0x00000000de800000)
  from space 4096K, 99% used [0x00000000df000000,0x00000000df3fb030,0x00000000df400000)
  to   space 8192K, 0% used [0x00000000de800000,0x00000000de800000,0x00000000df000000)
 ParOldGen       total 84992K, used 11375K [0x0000000085000000, 0x000000008a300000, 0x00000000d7000000)
  object space 84992K, 13% used [0x0000000085000000,0x0000000085b1bd90,0x000000008a300000)
 Metaspace       used 11601K, capacity 11842K, committed 11904K, reserved 1060864K
  class space    used 1281K, capacity 1364K, committed 1408K, reserved 1048576K
Event: 6.413 GC heap after
Heap after GC invocations=7 (full 0):
 PSYoungGen      total 131072K, used 5801K [0x00000000d7000000, 0x00000000e7100000, 0x0000000100000000)
  eden space 122880K, 0% used [0x00000000d7000000,0x00000000d7000000,0x00000000de800000)
  from space 8192K, 70% used [0x00000000de800000,0x00000000dedaa690,0x00000000df000000)
  to   space 8704K, 0% used [0x00000000e6880000,0x00000000e6880000,0x00000000e7100000)
 ParOldGen       total 84992K, used 17969K [0x0000000085000000, 0x000000008a300000, 0x00000000d7000000)
  object space 84992K, 21% used [0x0000000085000000,0x000000008618c640,0x000000008a300000)
 Metaspace       used 11601K, capacity 11842K, committed 11904K, reserved 1060864K
  class space    used 1281K, capacity 1364K, committed 1408K, reserved 1048576K
}
Event: 9.249 GC heap before
{Heap before GC invocations=8 (full 0):
 PSYoungGen      total 131072K, used 125991K [0x00000000d7000000, 0x00000000e7100000, 0x0000000100000000)
  eden space 122880K, 97% used [0x00000000d7000000,0x00000000de55f5e0,0x00000000de800000)
  from space 8192K, 70% used [0x00000000de800000,0x00000000dedaa690,0x00000000df000000)
  to   space 8704K, 0% used [0x00000000e6880000,0x00000000e6880000,0x00000000e7100000)
 ParOldGen       total 84992K, used 17969K [0x0000000085000000, 0x000000008a300000, 0x00000000d7000000)
  object space 84992K, 21% used [0x0000000085000000,0x000000008618c640,0x000000008a300000)
 Metaspace       used 11636K, capacity 11906K, committed 12160K, reserved 1060864K
  class space    used 1281K, capacity 1364K, committed 1408K, reserved 1048576K
Event: 9.252 GC heap after
Heap after GC invocations=8 (full 0):
 PSYoungGen      total 254464K, used 5755K [0x00000000d7000000, 0x00000000e7100000, 0x0000000100000000)
  eden space 245760K, 0% used [0x00000000d7000000,0x00000000d7000000,0x00000000e6000000)
  from space 8704K, 66% used [0x00000000e6880000,0x00000000e6e1ef08,0x00000000e7100000)
  to   space 8704K, 0% used [0x00000000e6000000,0x00000000e6000000,0x00000000e6880000)
 ParOldGen       total 84992K, used 17977K [0x0000000085000000, 0x000000008a300000, 0x00000000d7000000)
  object space 84992K, 21% used [0x0000000085000000,0x000000008618e640,0x000000008a300000)
 Metaspace       used 11636K, capacity 11906K, committed 12160K, reserved 1060864K
  class space    used 1281K, capacity 1364K, committed 1408K, reserved 1048576K
}

