# JRE version: OpenJDK Runtime Environment (8.0_121-b13) (build 1.8.0_121-8u121-b13-3-b13)
# Java VM: OpenJDK 64-Bit Server VM (25.121-b13 mixed mode linux-amd64 compressed oops)
Heap:
 PSYoungGen      total 109056K, used 12724K [0x00000000d7000000, 0x00000000dea80000, 0x0000000100000000)
  eden space 102912K, 6% used [0x00000000d7000000,0x00000000d76e94d8,0x00000000dd480000)
  from space 6144K, 91% used [0x00000000de100000,0x00000000de683f18,0x00000000de700000)
  to   space 3584K, 0% used [0x00000000de700000,0x00000000de700000,0x00000000dea80000)
 ParOldGen       total 84992K, used 34386K [0x0000000085000000, 0x000000008a300000, 0x00000000d7000000)
  object space 84992K, 40% used [0x0000000085000000,0x0000000087194ad8,0x000000008a300000)
 Metaspace       used 11832K, capacity 12034K, committed 12160K, reserved 1060864K
  class space    used 1290K, capacity 1364K, committed 1408K, reserved 1048576K
GC Heap History (10 events):
Event: 6.693 GC heap before
{Heap before GC invocations=7 (full 0):
 PSYoungGen      total 128512K, used 128492K [0x00000000d7000000, 0x00000000df900000, 0x0000000100000000)
  eden space 124416K, 100% used [0x00000000d7000000,0x00000000de980000,0x00000000de980000)
  from space 4096K, 99% used [0x00000000df000000,0x00000000df3fb010,0x00000000df400000)
  to   space 6656K, 0% used [0x00000000de980000,0x00000000de980000,0x00000000df000000)
 ParOldGen       total 84992K, used 14055K [0x0000000085000000, 0x000000008a300000, 0x00000000d7000000)
  object space 84992K, 16% used [0x0000000085000000,0x0000000085db9e90,0x000000008a300000)
 Metaspace       used 11601K, capacity 11842K, committed 11904K, reserved 1060864K
  class space    used 1283K, capacity 1364K, committed 1408K, reserved 1048576K
Event: 6.697 GC heap after
Heap after GC invocations=7 (full 0):
 PSYoungGen      total 122880K, used 3018K [0x00000000d7000000, 0x00000000df100000, 0x0000000100000000)
  eden space 119808K, 0% used [0x00000000d7000000,0x00000000d7000000,0x00000000de500000)
  from space 3072K, 98% used [0x00000000de980000,0x00000000dec72880,0x00000000dec80000)
  to   space 4608K, 0% used [0x00000000dec80000,0x00000000dec80000,0x00000000df100000)
 ParOldGen       total 84992K, used 15334K [0x0000000085000000, 0x000000008a300000, 0x00000000d7000000)
  object space 84992K, 18% used [0x0000000085000000,0x0000000085ef9a68,0x000000008a300000)
 Metaspace       used 11601K, capacity 11842K, committed 11904K, reserved 1060864K
  class space    used 1283K, capacity 1364K, committed 1408K, reserved 1048576K
}
Event: 9.548 GC heap before
{Heap before GC invocations=8 (full 0):
 PSYoungGen      total 122880K, used 122826K [0x00000000d7000000, 0x00000000df100000, 0x0000000100000000)
  eden space 119808K, 100% used [0x00000000d7000000,0x00000000de500000,0x00000000de500000)
  from space 3072K, 98% used [0x00000000de980000,0x00000000dec72880,0x00000000dec80000)
  to   space 4608K, 0% used [0x00000000dec80000,0x00000000dec80000,0x00000000df100000)
 ParOldGen       total 84992K, used 15334K [0x0000000085000000, 0x000000008a300000, 0x00000000d7000000)
  object space 84992K, 18% used [0x0000000085000000,0x0000000085ef9a68,0x000000008a300000)
 Metaspace       used 11632K, capacity 11842K, committed 11904K, reserved 1060864K
  class space    used 1283K, capacity 1364K, committed 1408K, reserved 1048576K
Event: 9.551 GC heap after
Heap after GC invocations=8 (full 0):
 PSYoungGen      total 118272K, used 3044K [0x00000000d7000000, 0x00000000def80000, 0x0000000100000000)
  eden space 115200K, 0% used [0x00000000d7000000,0x00000000d7000000,0x00000000de080000)
  from space 3072K, 99% used [0x00000000dec80000,0x00000000def79230,0x00000000def80000)
  to   space 5632K, 0% used [0x00000000de480000,0x00000000de480000,0x00000000dea00000)
 ParOldGen       total 84992K, used 20742K [0x0000000085000000, 0x000000008a300000, 0x00000000d7000000)
  object space 84992K, 24% used [0x0000000085000000,0x0000000086441a88,0x000000008a300000)
 Metaspace       used 11632K, capacity 11842K, committed 11904K, reserved 1060864K
  class space    used 1283K, capacity 1364K, committed 1408K, reserved 1048576K
}
Event: 12.141 GC heap before
{Heap before GC invocations=9 (full 0):
 PSYoungGen      total 118272K, used 116333K [0x00000000d7000000, 0x00000000def80000, 0x0000000100000000)
  eden space 115200K, 98% used [0x00000000d7000000,0x00000000ddea22b0,0x00000000de080000)
  from space 3072K, 99% used [0x00000000dec80000,0x00000000def79230,0x00000000def80000)
  to   space 5632K, 0% used [0x00000000de480000,0x00000000de480000,0x00000000dea00000)
 ParOldGen       total 84992K, used 20742K [0x0000000085000000, 0x000000008a300000, 0x00000000d7000000)
  object space 84992K, 24% used [0x0000000085000000,0x0000000086441a88,0x000000008a300000)
 Metaspace       used 11666K, capacity 11906K, committed 12160K, reserved 1060864K
  class space    used 1283K, capacity 1364K, committed 1408K, reserved 1048576K
Event: 12.144 GC heap after
Heap after GC invocations=9 (full 0):
 PSYoungGen      total 116736K, used 5615K [0x00000000d7000000, 0x00000000ded00000, 0x0000000100000000)
  eden space 111104K, 0% used [0x00000000d7000000,0x00000000d7000000,0x00000000ddc80000)
  from space 5632K, 99% used [0x00000000de480000,0x00000000de9fbdd8,0x00000000dea00000)
  to   space 3072K, 0% used [0x00000000dea00000,0x00000000dea00000,0x00000000ded00000)
 ParOldGen       total 84992K, used 20846K [0x0000000085000000, 0x000000008a300000, 0x00000000d7000000)
  object space 84992K, 24% used [0x0000000085000000,0x000000008645ba88,0x000000008a300000)
 Metaspace       used 11666K, capacity 11906K, committed 12160K, reserved 1060864K
  class space    used 1283K, capacity 1364K, committed 1408K, reserved 1048576K
}
Event: 14.621 GC heap before
{Heap before GC invocations=10 (full 0):
 PSYoungGen      total 116736K, used 116719K [0x00000000d7000000, 0x00000000ded00000, 0x0000000100000000)
  eden space 111104K, 100% used [0x00000000d7000000,0x00000000ddc80000,0x00000000ddc80000)
  from space 5632K, 99% used [0x00000000de480000,0x00000000de9fbdd8,0x00000000dea00000)
  to   space 3072K, 0% used [0x00000000dea00000,0x00000000dea00000,0x00000000ded00000)
 ParOldGen       total 84992K, used 20846K [0x0000000085000000, 0x000000008a300000, 0x00000000d7000000)
  object space 84992K, 24% used [0x0000000085000000,0x000000008645ba88,0x000000008a300000)
 Metaspace       used 11710K, capacity 11970K, committed 12160K, reserved 1060864K
  class space    used 1283K, capacity 1364K, committed 1408K, reserved 1048576K
Event: 14.624 GC heap after
Heap after GC invocations=10 (full 0):
 PSYoungGen      total 110080K, used 2947K [0x00000000d7000000, 0x00000000ded00000, 0x0000000100000000)
  eden space 107008K, 0% used [0x00000000d7000000,0x00000000d7000000,0x00000000dd880000)
  from space 3072K, 95% used [0x00000000dea00000,0x00000000dece0e98,0x00000000ded00000)
  to   space 6144K, 0% used [0x00000000de100000,0x00000000de100000,0x00000000de700000)
 ParOldGen       total 84992K, used 31670K [0x0000000085000000, 0x000000008a300000, 0x00000000d7000000)
  object space 84992K, 37% used [0x0000000085000000,0x0000000086eedac8,0x000000008a300000)
 Metaspace       used 11710K, capacity 11970K, committed 12160K, reserved 1060864K
  class space    used 1283K, capacity 1364K, committed 1408K, reserved 1048576K
}
Event: 17.171 GC heap before
{Heap before GC invocations=11 (full 0):
 PSYoungGen      total 110080K, used 109860K [0x00000000d7000000, 0x00000000ded00000, 0x0000000100000000)
  eden space 107008K, 99% used [0x00000000d7000000,0x00000000dd8684d8,0x00000000dd880000)
  from space 3072K, 95% used [0x00000000dea00000,0x00000000dece0e98,0x00000000ded00000)
  to   space 6144K, 0% used [0x00000000de100000,0x00000000de100000,0x00000000de700000)
 ParOldGen       total 84992K, used 31670K [0x0000000085000000, 0x000000008a300000, 0x00000000d7000000)
  object space 84992K, 37% used [0x0000000085000000,0x0000000086eedac8,0x000000008a300000)
 Metaspace       used 11804K, capacity 12034K, committed 12160K, reserved 1060864K
  class space    used 1287K, capacity 1364K, committed 1408K, reserved 1048576K
Event: 17.175 GC heap after
Heap after GC invocations=11 (full 0):
 PSYoungGen      total 109056K, used 5647K [0x00000000d7000000, 0x00000000dea80000, 0x0000000100000000)
  eden space 102912K, 0% used [0x00000000d7000000,0x00000000d7000000,0x00000000dd480000)
  from space 6144K, 91% used [0x00000000de100000,0x00000000de683f18,0x00000000de700000)
  to   space 3584K, 0% used [0x00000000de700000,0x00000000de700000,0x00000000dea80000)
 ParOldGen       total 84992K, used 34386K [0x0000000085000000, 0x000000008a300000, 0x00000000d7000000)
  object space 84992K, 40% used [0x0000000085000000,0x0000000087194ad8,0x000000008a300000)
 Metaspace       used 11804K, capacity 12034K, committed 12160K, reserved 1060864K
  class space    used 1287K, capacity 1364K, committed 1408K, reserved 1048576K
}

