# JRE version: OpenJDK Runtime Environment (8.0_121-b13) (build 1.8.0_121-8u121-b13-3-b13)
# Java VM: OpenJDK 64-Bit Server VM (25.121-b13 mixed mode linux-amd64 compressed oops)
Heap:
 PSYoungGen      total 242176K, used 218264K [0x00000000d7000000, 0x00000000e6a00000, 0x0000000100000000)
  eden space 233472K, 89% used [0x00000000d7000000,0x00000000e3cd5800,0x00000000e5400000)
  from space 8704K, 97% used [0x00000000e5e80000,0x00000000e66d0928,0x00000000e6700000)
  to   space 3072K, 0% used [0x00000000e6700000,0x00000000e6700000,0x00000000e6a00000)
 ParOldGen       total 84992K, used 28951K [0x0000000085000000, 0x000000008a300000, 0x00000000d7000000)
  object space 84992K, 34% used [0x0000000085000000,0x0000000086c45c78,0x000000008a300000)
 Metaspace       used 11808K, capacity 12034K, committed 12160K, reserved 1060864K
  class space    used 1292K, capacity 1364K, committed 1408K, reserved 1048576K
GC Heap History (10 events):
Event: 1.831 GC heap before
{Heap before GC invocations=5 (full 0):
 PSYoungGen      total 68608K, used 64978K [0x00000000d7000000, 0x00000000db800000, 0x0000000100000000)
  eden space 63488K, 100% used [0x00000000d7000000,0x00000000dae00000,0x00000000dae00000)
  from space 5120K, 29% used [0x00000000db300000,0x00000000db474820,0x00000000db800000)
  to   space 5120K, 0% used [0x00000000dae00000,0x00000000dae00000,0x00000000db300000)
 ParOldGen       total 84992K, used 16K [0x0000000085000000, 0x000000008a300000, 0x00000000d7000000)
  object space 84992K, 0% used [0x0000000085000000,0x0000000085004020,0x000000008a300000)
 Metaspace       used 11548K, capacity 11778K, committed 11904K, reserved 1060864K
  class space    used 1286K, capacity 1364K, committed 1408K, reserved 1048576K
Event: 1.846 GC heap after
Heap after GC invocations=5 (full 0):
 PSYoungGen      total 68608K, used 4452K [0x00000000d7000000, 0x00000000df400000, 0x0000000100000000)
  eden space 63488K, 0% used [0x00000000d7000000,0x00000000d7000000,0x00000000dae00000)
  from space 5120K, 86% used [0x00000000dae00000,0x00000000db2590f8,0x00000000db300000)
  to   space 4096K, 0% used [0x00000000df000000,0x00000000df000000,0x00000000df400000)
 ParOldGen       total 84992K, used 8124K [0x0000000085000000, 0x000000008a300000, 0x00000000d7000000)
  object space 84992K, 9% used [0x0000000085000000,0x00000000857ef050,0x000000008a300000)
 Metaspace       used 11548K, capacity 11778K, committed 11904K, reserved 1060864K
  class space    used 1286K, capacity 1364K, committed 1408K, reserved 1048576K
}
Event: 2.394 GC heap before
{Heap before GC invocations=6 (full 0):
 PSYoungGen      total 68608K, used 67940K [0x00000000d7000000, 0x00000000df400000, 0x0000000100000000)
  eden space 63488K, 100% used [0x00000000d7000000,0x00000000dae00000,0x00000000dae00000)
  from space 5120K, 86% used [0x00000000dae00000,0x00000000db2590f8,0x00000000db300000)
  to   space 4096K, 0% used [0x00000000df000000,0x00000000df000000,0x00000000df400000)
 ParOldGen       total 84992K, used 8361K [0x0000000085000000, 0x000000008a300000, 0x00000000d7000000)
  object space 84992K, 9% used [0x0000000085000000,0x000000008582a540,0x000000008a300000)
 Metaspace       used 11559K, capacity 11778K, committed 11904K, reserved 1060864K
  class space    used 1286K, capacity 1364K, committed 1408K, reserved 1048576K
Event: 2.400 GC heap after
Heap after GC invocations=6 (full 0):
 PSYoungGen      total 126976K, used 4067K [0x00000000d7000000, 0x00000000dfc00000, 0x0000000100000000)
  eden space 122880K, 0% used [0x00000000d7000000,0x00000000d7000000,0x00000000de800000)
  from space 4096K, 99% used [0x00000000df000000,0x00000000df3f8c98,0x00000000df400000)
  to   space 8192K, 0% used [0x00000000de800000,0x00000000de800000,0x00000000df000000)
 ParOldGen       total 84992K, used 14327K [0x0000000085000000, 0x000000008a300000, 0x00000000d7000000)
  object space 84992K, 16% used [0x0000000085000000,0x0000000085dfdf30,0x000000008a300000)
 Metaspace       used 11559K, capacity 11778K, committed 11904K, reserved 1060864K
  class space    used 1286K, capacity 1364K, committed 1408K, reserved 1048576K
}
Event: 3.584 GC heap before
{Heap before GC invocations=7 (full 0):
 PSYoungGen      total 126976K, used 125503K [0x00000000d7000000, 0x00000000dfc00000, 0x0000000100000000)
  eden space 122880K, 98% used [0x00000000d7000000,0x00000000de6972e0,0x00000000de800000)
  from space 4096K, 99% used [0x00000000df000000,0x00000000df3f8c98,0x00000000df400000)
  to   space 8192K, 0% used [0x00000000de800000,0x00000000de800000,0x00000000df000000)
 ParOldGen       total 84992K, used 14327K [0x0000000085000000, 0x000000008a300000, 0x00000000d7000000)
  object space 84992K, 16% used [0x0000000085000000,0x0000000085dfdf30,0x000000008a300000)
 Metaspace       used 11598K, capacity 11842K, committed 11904K, reserved 1060864K
  class space    used 1286K, capacity 1364K, committed 1408K, reserved 1048576K
Event: 3.590 GC heap after
Heap after GC invocations=7 (full 0):
 PSYoungGen      total 131072K, used 5879K [0x00000000d7000000, 0x00000000e7100000, 0x0000000100000000)
  eden space 122880K, 0% used [0x00000000d7000000,0x00000000d7000000,0x00000000de800000)
  from space 8192K, 71% used [0x00000000de800000,0x00000000dedbdc00,0x00000000df000000)
  to   space 8704K, 0% used [0x00000000e6880000,0x00000000e6880000,0x00000000e7100000)
 ParOldGen       total 84992K, used 20755K [0x0000000085000000, 0x000000008a300000, 0x00000000d7000000)
  object space 84992K, 24% used [0x0000000085000000,0x0000000086444c38,0x000000008a300000)
 Metaspace       used 11598K, capacity 11842K, committed 11904K, reserved 1060864K
  class space    used 1286K, capacity 1364K, committed 1408K, reserved 1048576K
}
Event: 4.618 GC heap before
{Heap before GC invocations=8 (full 0):
 PSYoungGen      total 131072K, used 126194K [0x00000000d7000000, 0x00000000e7100000, 0x0000000100000000)
  eden space 122880K, 97% used [0x00000000d7000000,0x00000000de57ef40,0x00000000de800000)
  from space 8192K, 71% used [0x00000000de800000,0x00000000dedbdc00,0x00000000df000000)
  to   space 8704K, 0% used [0x00000000e6880000,0x00000000e6880000,0x00000000e7100000)
 ParOldGen       total 84992K, used 20755K [0x0000000085000000, 0x000000008a300000, 0x00000000d7000000)
  object space 84992K, 24% used [0x0000000085000000,0x0000000086444c38,0x000000008a300000)
 Metaspace       used 11628K, capacity 11906K, committed 12160K, reserved 1060864K
  class space    used 1286K, capacity 1364K, committed 1408K, reserved 1048576K
Event: 4.622 GC heap after
Heap after GC invocations=8 (full 0):
 PSYoungGen      total 252928K, used 8553K [0x00000000d7000000, 0x00000000e7400000, 0x0000000100000000)
  eden space 244224K, 0% used [0x00000000d7000000,0x00000000d7000000,0x00000000e5e80000)
  from space 8704K, 98% used [0x00000000e6880000,0x00000000e70da458,0x00000000e7100000)
  to   space 10240K, 0% used [0x00000000e5e80000,0x00000000e5e80000,0x00000000e6880000)
 ParOldGen       total 84992K, used 23463K [0x0000000085000000, 0x000000008a300000, 0x00000000d7000000)
  object space 84992K, 27% used [0x0000000085000000,0x00000000866e9c48,0x000000008a300000)
 Metaspace       used 11628K, capacity 11906K, committed 12160K, reserved 1060864K
  class space    used 1286K, capacity 1364K, committed 1408K, reserved 1048576K
}
Event: 6.593 GC heap before
{Heap before GC invocations=9 (full 0):
 PSYoungGen      total 252928K, used 252777K [0x00000000d7000000, 0x00000000e7400000, 0x0000000100000000)
  eden space 244224K, 100% used [0x00000000d7000000,0x00000000e5e80000,0x00000000e5e80000)
  from space 8704K, 98% used [0x00000000e6880000,0x00000000e70da458,0x00000000e7100000)
  to   space 10240K, 0% used [0x00000000e5e80000,0x00000000e5e80000,0x00000000e6880000)
 ParOldGen       total 84992K, used 23463K [0x0000000085000000, 0x000000008a300000, 0x00000000d7000000)
  object space 84992K, 27% used [0x0000000085000000,0x00000000866e9c48,0x000000008a300000)
 Metaspace       used 11705K, capacity 11970K, committed 12160K, reserved 1060864K
  class space    used 1286K, capacity 1364K, committed 1408K, reserved 1048576K
Event: 6.598 GC heap after
Heap after GC invocations=9 (full 0):
 PSYoungGen      total 242176K, used 8514K [0x00000000d7000000, 0x00000000e6a00000, 0x0000000100000000)
  eden space 233472K, 0% used [0x00000000d7000000,0x00000000d7000000,0x00000000e5400000)
  from space 8704K, 97% used [0x00000000e5e80000,0x00000000e66d0928,0x00000000e6700000)
  to   space 3072K, 0% used [0x00000000e6700000,0x00000000e6700000,0x00000000e6a00000)
 ParOldGen       total 84992K, used 28951K [0x0000000085000000, 0x000000008a300000, 0x00000000d7000000)
  object space 84992K, 34% used [0x0000000085000000,0x0000000086c45c78,0x000000008a300000)
 Metaspace       used 11705K, capacity 11970K, committed 12160K, reserved 1060864K
  class space    used 1286K, capacity 1364K, committed 1408K, reserved 1048576K
}

