# JRE version: OpenJDK Runtime Environment (8.0_121-b13) (build 1.8.0_121-8u121-b13-3-b13)
# Java VM: OpenJDK 64-Bit Server VM (25.121-b13 mixed mode linux-amd64 compressed oops)
Heap:
 PSYoungGen      total 29184K, used 19983K [0x00000000d7000000, 0x00000000d9400000, 0x0000000100000000)
  eden space 23040K, 74% used [0x00000000d7000000,0x00000000d80b82f8,0x00000000d8680000)
  from space 6144K, 46% used [0x00000000d8d00000,0x00000000d8fcbba8,0x00000000d9300000)
  to   space 6656K, 0% used [0x00000000d8680000,0x00000000d8680000,0x00000000d8d00000)
 ParOldGen       total 44544K, used 21114K [0x0000000085000000, 0x0000000087b80000, 0x00000000d7000000)
  object space 44544K, 47% used [0x0000000085000000,0x000000008649e828,0x0000000087b80000)
 Metaspace       used 11905K, capacity 12162K, committed 12416K, reserved 1060864K
  class space    used 1289K, capacity 1364K, committed 1408K, reserved 1048576K
GC Heap History (10 events):
Event: 22.075 GC heap before
{Heap before GC invocations=37 (full 1):
 PSYoungGen      total 30208K, used 28285K [0x00000000d7000000, 0x00000000d9400000, 0x0000000100000000)
  eden space 23552K, 96% used [0x00000000d7000000,0x00000000d8622240,0x00000000d8700000)
  from space 6656K, 84% used [0x00000000d8700000,0x00000000d8c7d370,0x00000000d8d80000)
  to   space 6656K, 0% used [0x00000000d8d80000,0x00000000d8d80000,0x00000000d9400000)
 ParOldGen       total 44544K, used 15642K [0x0000000085000000, 0x0000000087b80000, 0x00000000d7000000)
  object space 44544K, 35% used [0x0000000085000000,0x0000000085f46808,0x0000000087b80000)
 Metaspace       used 11802K, capacity 12098K, committed 12160K, reserved 1060864K
  class space    used 1282K, capacity 1364K, committed 1408K, reserved 1048576K
Event: 22.077 GC heap after
Heap after GC invocations=37 (full 1):
 PSYoungGen      total 30208K, used 5624K [0x00000000d7000000, 0x00000000d9400000, 0x0000000100000000)
  eden space 23552K, 0% used [0x00000000d7000000,0x00000000d7000000,0x00000000d8700000)
  from space 6656K, 84% used [0x00000000d8d80000,0x00000000d92fe158,0x00000000d9400000)
  to   space 6656K, 0% used [0x00000000d8700000,0x00000000d8700000,0x00000000d8d80000)
 ParOldGen       total 44544K, used 18366K [0x0000000085000000, 0x0000000087b80000, 0x00000000d7000000)
  object space 44544K, 41% used [0x0000000085000000,0x00000000861ef818,0x0000000087b80000)
 Metaspace       used 11802K, capacity 12098K, committed 12160K, reserved 1060864K
  class space    used 1282K, capacity 1364K, committed 1408K, reserved 1048576K
}
Event: 22.587 GC heap before
{Heap before GC invocations=38 (full 1):
 PSYoungGen      total 30208K, used 27921K [0x00000000d7000000, 0x00000000d9400000, 0x0000000100000000)
  eden space 23552K, 94% used [0x00000000d7000000,0x00000000d85c6618,0x00000000d8700000)
  from space 6656K, 84% used [0x00000000d8d80000,0x00000000d92fe158,0x00000000d9400000)
  to   space 6656K, 0% used [0x00000000d8700000,0x00000000d8700000,0x00000000d8d80000)
 ParOldGen       total 44544K, used 18366K [0x0000000085000000, 0x0000000087b80000, 0x00000000d7000000)
  object space 44544K, 41% used [0x0000000085000000,0x00000000861ef818,0x0000000087b80000)
 Metaspace       used 11802K, capacity 12098K, committed 12160K, reserved 1060864K
  class space    used 1282K, capacity 1364K, committed 1408K, reserved 1048576K
Event: 22.588 GC heap after
Heap after GC invocations=38 (full 1):
 PSYoungGen      total 29184K, used 5589K [0x00000000d7000000, 0x00000000d9300000, 0x0000000100000000)
  eden space 23552K, 0% used [0x00000000d7000000,0x00000000d7000000,0x00000000d8700000)
  from space 5632K, 99% used [0x00000000d8700000,0x00000000d8c75710,0x00000000d8c80000)
  to   space 6144K, 0% used [0x00000000d8d00000,0x00000000d8d00000,0x00000000d9300000)
 ParOldGen       total 44544K, used 18382K [0x0000000085000000, 0x0000000087b80000, 0x00000000d7000000)
  object space 44544K, 41% used [0x0000000085000000,0x00000000861f3818,0x0000000087b80000)
 Metaspace       used 11802K, capacity 12098K, committed 12160K, reserved 1060864K
  class space    used 1282K, capacity 1364K, committed 1408K, reserved 1048576K
}
Event: 23.126 GC heap before
{Heap before GC invocations=39 (full 1):
 PSYoungGen      total 29184K, used 27875K [0x00000000d7000000, 0x00000000d9300000, 0x0000000100000000)
  eden space 23552K, 94% used [0x00000000d7000000,0x00000000d85c3898,0x00000000d8700000)
  from space 5632K, 99% used [0x00000000d8700000,0x00000000d8c75710,0x00000000d8c80000)
  to   space 6144K, 0% used [0x00000000d8d00000,0x00000000d8d00000,0x00000000d9300000)
 ParOldGen       total 44544K, used 18382K [0x0000000085000000, 0x0000000087b80000, 0x00000000d7000000)
  object space 44544K, 41% used [0x0000000085000000,0x00000000861f3818,0x0000000087b80000)
 Metaspace       used 11802K, capacity 12098K, committed 12160K, reserved 1060864K
  class space    used 1282K, capacity 1364K, committed 1408K, reserved 1048576K
Event: 23.128 GC heap after
Heap after GC invocations=39 (full 1):
 PSYoungGen      total 29696K, used 5623K [0x00000000d7000000, 0x00000000d9300000, 0x0000000100000000)
  eden space 23552K, 0% used [0x00000000d7000000,0x00000000d7000000,0x00000000d8700000)
  from space 6144K, 91% used [0x00000000d8d00000,0x00000000d927dc28,0x00000000d9300000)
  to   space 6144K, 0% used [0x00000000d8700000,0x00000000d8700000,0x00000000d8d00000)
 ParOldGen       total 44544K, used 21090K [0x0000000085000000, 0x0000000087b80000, 0x00000000d7000000)
  object space 44544K, 47% used [0x0000000085000000,0x0000000086498828,0x0000000087b80000)
 Metaspace       used 11802K, capacity 12098K, committed 12160K, reserved 1060864K
  class space    used 1282K, capacity 1364K, committed 1408K, reserved 1048576K
}
Event: 23.641 GC heap before
{Heap before GC invocations=40 (full 1):
 PSYoungGen      total 29696K, used 28179K [0x00000000d7000000, 0x00000000d9300000, 0x0000000100000000)
  eden space 23552K, 95% used [0x00000000d7000000,0x00000000d86073b8,0x00000000d8700000)
  from space 6144K, 91% used [0x00000000d8d00000,0x00000000d927dc28,0x00000000d9300000)
  to   space 6144K, 0% used [0x00000000d8700000,0x00000000d8700000,0x00000000d8d00000)
 ParOldGen       total 44544K, used 21090K [0x0000000085000000, 0x0000000087b80000, 0x00000000d7000000)
  object space 44544K, 47% used [0x0000000085000000,0x0000000086498828,0x0000000087b80000)
 Metaspace       used 11856K, capacity 12098K, committed 12160K, reserved 1060864K
  class space    used 1287K, capacity 1364K, committed 1408K, reserved 1048576K
Event: 23.645 GC heap after
Heap after GC invocations=40 (full 1):
 PSYoungGen      total 29696K, used 5625K [0x00000000d7000000, 0x00000000d9300000, 0x0000000100000000)
  eden space 23552K, 0% used [0x00000000d7000000,0x00000000d7000000,0x00000000d8700000)
  from space 6144K, 91% used [0x00000000d8700000,0x00000000d8c7e408,0x00000000d8d00000)
  to   space 6144K, 0% used [0x00000000d8d00000,0x00000000d8d00000,0x00000000d9300000)
 ParOldGen       total 44544K, used 21098K [0x0000000085000000, 0x0000000087b80000, 0x00000000d7000000)
  object space 44544K, 47% used [0x0000000085000000,0x000000008649a828,0x0000000087b80000)
 Metaspace       used 11856K, capacity 12098K, committed 12160K, reserved 1060864K
  class space    used 1287K, capacity 1364K, committed 1408K, reserved 1048576K
}
Event: 24.163 GC heap before
{Heap before GC invocations=41 (full 1):
 PSYoungGen      total 29696K, used 28085K [0x00000000d7000000, 0x00000000d9300000, 0x0000000100000000)
  eden space 23552K, 95% used [0x00000000d7000000,0x00000000d85ef238,0x00000000d8700000)
  from space 6144K, 91% used [0x00000000d8700000,0x00000000d8c7e408,0x00000000d8d00000)
  to   space 6144K, 0% used [0x00000000d8d00000,0x00000000d8d00000,0x00000000d9300000)
 ParOldGen       total 44544K, used 21098K [0x0000000085000000, 0x0000000087b80000, 0x00000000d7000000)
  object space 44544K, 47% used [0x0000000085000000,0x000000008649a828,0x0000000087b80000)
 Metaspace       used 11886K, capacity 12162K, committed 12416K, reserved 1060864K
  class space    used 1287K, capacity 1364K, committed 1408K, reserved 1048576K
Event: 24.165 GC heap after
Heap after GC invocations=41 (full 1):
 PSYoungGen      total 29184K, used 2862K [0x00000000d7000000, 0x00000000d9400000, 0x0000000100000000)
  eden space 23040K, 0% used [0x00000000d7000000,0x00000000d7000000,0x00000000d8680000)
  from space 6144K, 46% used [0x00000000d8d00000,0x00000000d8fcbba8,0x00000000d9300000)
  to   space 6656K, 0% used [0x00000000d8680000,0x00000000d8680000,0x00000000d8d00000)
 ParOldGen       total 44544K, used 21114K [0x0000000085000000, 0x0000000087b80000, 0x00000000d7000000)
  object space 44544K, 47% used [0x0000000085000000,0x000000008649e828,0x0000000087b80000)
 Metaspace       used 11886K, capacity 12162K, committed 12416K, reserved 1060864K
  class space    used 1287K, capacity 1364K, committed 1408K, reserved 1048576K
}

